[2020-04-27 13:06:43,427][com.capgemini.hotelbooking.controller.HotelController][main] INFO  com.capgemini.hotelbooking.controller.HotelController  - Our warm welcome to You
[2020-04-27 13:06:43,429][com.capgemini.hotelbooking.controller.HotelController][main] INFO  com.capgemini.hotelbooking.controller.HotelController  - Please tell who are you
[2020-04-27 13:06:43,439][com.capgemini.hotelbooking.controller.HotelController][main] INFO  com.capgemini.hotelbooking.controller.HotelController  - 1.Customer
[2020-04-27 13:06:43,439][com.capgemini.hotelbooking.controller.HotelController][main] INFO  com.capgemini.hotelbooking.controller.HotelController  - 2.Employee
[2020-04-27 13:06:43,439][com.capgemini.hotelbooking.controller.HotelController][main] INFO  com.capgemini.hotelbooking.controller.HotelController  - 3.Admin
[2020-04-27 13:06:43,439][com.capgemini.hotelbooking.controller.HotelController][main] INFO  com.capgemini.hotelbooking.controller.HotelController  - 4.Exit
[2020-04-27 13:08:04,946][com.capgemini.hotelbooking.service.CustomerServiceImpl][main] INFO  com.capgemini.hotelbooking.service.CustomerServiceImpl  - feel good to choose and fill
[2020-04-27 13:08:04,947][com.capgemini.hotelbooking.service.CustomerServiceImpl][main] INFO  com.capgemini.hotelbooking.service.CustomerServiceImpl  - 1.Register(as new coustmer)
[2020-04-27 13:08:04,947][com.capgemini.hotelbooking.service.CustomerServiceImpl][main] INFO  com.capgemini.hotelbooking.service.CustomerServiceImpl  - 2.Login(as a coustmer)
[2020-04-27 13:08:04,947][com.capgemini.hotelbooking.service.CustomerServiceImpl][main] INFO  com.capgemini.hotelbooking.service.CustomerServiceImpl  - 3.Exit
[2020-04-27 13:08:23,612][com.capgemini.hotelbooking.dao.CustomerDAOImpl][main] INFO  com.capgemini.hotelbooking.dao.CustomerDAOImpl  - Enter your user name
[2020-04-27 13:08:32,363][com.capgemini.hotelbooking.dao.CustomerDAOImpl][main] INFO  com.capgemini.hotelbooking.dao.CustomerDAOImpl  - Enter your password
[2020-04-27 13:08:47,315][com.capgemini.hotelbooking.dao.CustomerDAOImpl][main] INFO  com.capgemini.hotelbooking.dao.CustomerDAOImpl  - Enter valid password
[2020-04-27 13:08:55,247][com.capgemini.hotelbooking.dao.CustomerDAOImpl][main] INFO  com.capgemini.hotelbooking.dao.CustomerDAOImpl  - Enter valid password
[2020-04-27 13:09:48,517][com.capgemini.hotelbooking.dao.CustomerDAOImpl][main] INFO  com.capgemini.hotelbooking.dao.CustomerDAOImpl  - Enter valid password
[2020-04-27 13:17:58,374][com.capgemini.hotelbooking.dao.CustomerDAOImpl][main] INFO  com.capgemini.hotelbooking.dao.CustomerDAOImpl  - Enter valid password
[2020-04-27 13:20:30,527][com.capgemini.hotelbooking.dao.CustomerDAOImpl][main] INFO  com.capgemini.hotelbooking.dao.CustomerDAOImpl  - Enter valid password
[2020-04-27 13:21:11,809][com.capgemini.hotelbooking.dao.CustomerDAOImpl][main] INFO  com.capgemini.hotelbooking.dao.CustomerDAOImpl  - Enter valid password
[2020-04-27 13:22:44,211][com.capgemini.hotelbooking.controller.HotelController][main] INFO  com.capgemini.hotelbooking.controller.HotelController  - Our warm welcome to You
[2020-04-27 13:22:44,213][com.capgemini.hotelbooking.controller.HotelController][main] INFO  com.capgemini.hotelbooking.controller.HotelController  - Please tell who are you
[2020-04-27 13:22:44,215][com.capgemini.hotelbooking.controller.HotelController][main] INFO  com.capgemini.hotelbooking.controller.HotelController  - 1.Customer
[2020-04-27 13:22:44,215][com.capgemini.hotelbooking.controller.HotelController][main] INFO  com.capgemini.hotelbooking.controller.HotelController  - 2.Employee
[2020-04-27 13:22:44,215][com.capgemini.hotelbooking.controller.HotelController][main] INFO  com.capgemini.hotelbooking.controller.HotelController  - 3.Admin
[2020-04-27 13:22:44,215][com.capgemini.hotelbooking.controller.HotelController][main] INFO  com.capgemini.hotelbooking.controller.HotelController  - 4.Exit
[2020-04-27 13:22:53,788][com.capgemini.hotelbooking.controller.HotelController][main] INFO  com.capgemini.hotelbooking.controller.HotelController  - 1.Customer
[2020-04-27 13:22:53,789][com.capgemini.hotelbooking.controller.HotelController][main] INFO  com.capgemini.hotelbooking.controller.HotelController  - 2.Employee
[2020-04-27 13:22:53,789][com.capgemini.hotelbooking.controller.HotelController][main] INFO  com.capgemini.hotelbooking.controller.HotelController  - 3.Admin
[2020-04-27 13:22:53,789][com.capgemini.hotelbooking.controller.HotelController][main] INFO  com.capgemini.hotelbooking.controller.HotelController  - 4.Exit
[2020-04-27 13:24:05,125][com.capgemini.hotelbooking.controller.HotelController][main] INFO  com.capgemini.hotelbooking.controller.HotelController  - 1.Customer
[2020-04-27 13:24:05,125][com.capgemini.hotelbooking.controller.HotelController][main] INFO  com.capgemini.hotelbooking.controller.HotelController  - 2.Employee
[2020-04-27 13:24:05,125][com.capgemini.hotelbooking.controller.HotelController][main] INFO  com.capgemini.hotelbooking.controller.HotelController  - 3.Admin
[2020-04-27 13:24:05,126][com.capgemini.hotelbooking.controller.HotelController][main] INFO  com.capgemini.hotelbooking.controller.HotelController  - 4.Exit
[2020-04-27 13:24:13,300][com.capgemini.hotelbooking.service.CustomerServiceImpl][main] INFO  com.capgemini.hotelbooking.service.CustomerServiceImpl  - feel good to choose and fill
[2020-04-27 13:24:13,300][com.capgemini.hotelbooking.service.CustomerServiceImpl][main] INFO  com.capgemini.hotelbooking.service.CustomerServiceImpl  - 1.Register(as new coustmer)
[2020-04-27 13:24:13,300][com.capgemini.hotelbooking.service.CustomerServiceImpl][main] INFO  com.capgemini.hotelbooking.service.CustomerServiceImpl  - 2.Login(as a coustmer)
[2020-04-27 13:24:13,301][com.capgemini.hotelbooking.service.CustomerServiceImpl][main] INFO  com.capgemini.hotelbooking.service.CustomerServiceImpl  - 3.Exit
[2020-04-27 13:24:29,883][com.capgemini.hotelbooking.dao.CustomerDAOImpl][main] INFO  com.capgemini.hotelbooking.dao.CustomerDAOImpl  - Enter your userId
[2020-04-27 13:25:50,294][com.capgemini.hotelbooking.dao.CustomerDAOImpl][main] INFO  com.capgemini.hotelbooking.dao.CustomerDAOImpl  - Enter your name
[2020-04-27 13:25:58,967][com.capgemini.hotelbooking.dao.CustomerDAOImpl][main] INFO  com.capgemini.hotelbooking.dao.CustomerDAOImpl  - please enter valid name like first name and last name
[2020-04-27 13:26:36,486][com.capgemini.hotelbooking.dao.CustomerDAOImpl][main] INFO  com.capgemini.hotelbooking.dao.CustomerDAOImpl  - please enter valid name like first name and last name
[2020-04-27 13:28:52,901][com.capgemini.hotelbooking.dao.CustomerDAOImpl][main] INFO  com.capgemini.hotelbooking.dao.CustomerDAOImpl  - please enter valid name like first name and last name
[2020-04-27 13:29:59,228][com.capgemini.hotelbooking.dao.CustomerDAOImpl][main] INFO  com.capgemini.hotelbooking.dao.CustomerDAOImpl  - please enter valid name like first name and last name
[2020-04-27 13:30:38,299][com.capgemini.hotelbooking.dao.CustomerDAOImpl][main] INFO  com.capgemini.hotelbooking.dao.CustomerDAOImpl  - please enter valid name like first name and last name
[2020-04-27 13:33:54,585][com.capgemini.hotelbooking.dao.CustomerDAOImpl][main] INFO  com.capgemini.hotelbooking.dao.CustomerDAOImpl  - please enter valid name like first name and last name
[2020-04-27 14:03:18,258][com.capgemini.hotelbooking.controller.HotelController][main] INFO  com.capgemini.hotelbooking.controller.HotelController  - Our warm welcome to You
[2020-04-27 14:03:18,264][com.capgemini.hotelbooking.controller.HotelController][main] INFO  com.capgemini.hotelbooking.controller.HotelController  - Please tell who are you
[2020-04-27 14:03:18,266][com.capgemini.hotelbooking.controller.HotelController][main] INFO  com.capgemini.hotelbooking.controller.HotelController  - 1.Customer
[2020-04-27 14:03:18,266][com.capgemini.hotelbooking.controller.HotelController][main] INFO  com.capgemini.hotelbooking.controller.HotelController  - 2.Employee
[2020-04-27 14:03:18,266][com.capgemini.hotelbooking.controller.HotelController][main] INFO  com.capgemini.hotelbooking.controller.HotelController  - 3.Admin
[2020-04-27 14:03:18,266][com.capgemini.hotelbooking.controller.HotelController][main] INFO  com.capgemini.hotelbooking.controller.HotelController  - 4.Exit
[2020-04-27 14:03:26,074][com.capgemini.hotelbooking.service.CustomerServiceImpl][main] INFO  com.capgemini.hotelbooking.service.CustomerServiceImpl  - feel good to choose and fill
[2020-04-27 14:03:26,074][com.capgemini.hotelbooking.service.CustomerServiceImpl][main] INFO  com.capgemini.hotelbooking.service.CustomerServiceImpl  - 1.Register(as new coustmer)
[2020-04-27 14:03:26,075][com.capgemini.hotelbooking.service.CustomerServiceImpl][main] INFO  com.capgemini.hotelbooking.service.CustomerServiceImpl  - 2.Login(as a coustmer)
[2020-04-27 14:03:26,075][com.capgemini.hotelbooking.service.CustomerServiceImpl][main] INFO  com.capgemini.hotelbooking.service.CustomerServiceImpl  - 3.Exit
[2020-04-27 14:03:30,924][com.capgemini.hotelbooking.dao.CustomerDAOImpl][main] INFO  com.capgemini.hotelbooking.dao.CustomerDAOImpl  - Enter your user name
[2020-04-27 14:03:55,091][com.capgemini.hotelbooking.dao.CustomerDAOImpl][main] INFO  com.capgemini.hotelbooking.dao.CustomerDAOImpl  - Enter valid user name
[2020-04-27 14:04:12,274][com.capgemini.hotelbooking.dao.CustomerDAOImpl][main] INFO  com.capgemini.hotelbooking.dao.CustomerDAOImpl  - Enter valid user name
[2020-04-27 14:06:27,080][com.capgemini.hotelbooking.controller.HotelController][main] INFO  com.capgemini.hotelbooking.controller.HotelController  - Our warm welcome to You
[2020-04-27 14:06:27,081][com.capgemini.hotelbooking.controller.HotelController][main] INFO  com.capgemini.hotelbooking.controller.HotelController  - Please tell who are you
[2020-04-27 14:06:27,100][com.capgemini.hotelbooking.controller.HotelController][main] INFO  com.capgemini.hotelbooking.controller.HotelController  - 1.Customer
[2020-04-27 14:06:27,100][com.capgemini.hotelbooking.controller.HotelController][main] INFO  com.capgemini.hotelbooking.controller.HotelController  - 2.Employee
[2020-04-27 14:06:27,100][com.capgemini.hotelbooking.controller.HotelController][main] INFO  com.capgemini.hotelbooking.controller.HotelController  - 3.Admin
[2020-04-27 14:06:27,100][com.capgemini.hotelbooking.controller.HotelController][main] INFO  com.capgemini.hotelbooking.controller.HotelController  - 4.Exit
[2020-04-27 14:06:35,756][com.capgemini.hotelbooking.service.CustomerServiceImpl][main] INFO  com.capgemini.hotelbooking.service.CustomerServiceImpl  - feel good to choose and fill
[2020-04-27 14:06:35,756][com.capgemini.hotelbooking.service.CustomerServiceImpl][main] INFO  com.capgemini.hotelbooking.service.CustomerServiceImpl  - 1.Register(as new coustmer)
[2020-04-27 14:06:35,756][com.capgemini.hotelbooking.service.CustomerServiceImpl][main] INFO  com.capgemini.hotelbooking.service.CustomerServiceImpl  - 2.Login(as a coustmer)
[2020-04-27 14:06:35,756][com.capgemini.hotelbooking.service.CustomerServiceImpl][main] INFO  com.capgemini.hotelbooking.service.CustomerServiceImpl  - 3.Exit
[2020-04-27 14:06:39,306][com.capgemini.hotelbooking.dao.CustomerDAOImpl][main] INFO  com.capgemini.hotelbooking.dao.CustomerDAOImpl  - Enter your userId
[2020-04-27 14:06:53,894][com.capgemini.hotelbooking.dao.CustomerDAOImpl][main] INFO  com.capgemini.hotelbooking.dao.CustomerDAOImpl  - Enter valid userId
[2020-04-27 14:09:03,135][com.capgemini.hotelbooking.dao.CustomerDAOImpl][main] INFO  com.capgemini.hotelbooking.dao.CustomerDAOImpl  - Enter your password
[2020-04-27 14:09:39,944][com.capgemini.hotelbooking.controller.HotelController][main] INFO  com.capgemini.hotelbooking.controller.HotelController  - 1.Customer
[2020-04-27 14:09:39,945][com.capgemini.hotelbooking.controller.HotelController][main] INFO  com.capgemini.hotelbooking.controller.HotelController  - 2.Employee
[2020-04-27 14:09:39,945][com.capgemini.hotelbooking.controller.HotelController][main] INFO  com.capgemini.hotelbooking.controller.HotelController  - 3.Admin
[2020-04-27 14:09:39,945][com.capgemini.hotelbooking.controller.HotelController][main] INFO  com.capgemini.hotelbooking.controller.HotelController  - 4.Exit
[2020-04-27 14:10:11,709][com.capgemini.hotelbooking.service.CustomerServiceImpl][main] INFO  com.capgemini.hotelbooking.service.CustomerServiceImpl  - feel good to choose and fill
[2020-04-27 14:10:11,710][com.capgemini.hotelbooking.service.CustomerServiceImpl][main] INFO  com.capgemini.hotelbooking.service.CustomerServiceImpl  - 1.Register(as new coustmer)
[2020-04-27 14:10:11,710][com.capgemini.hotelbooking.service.CustomerServiceImpl][main] INFO  com.capgemini.hotelbooking.service.CustomerServiceImpl  - 2.Login(as a coustmer)
[2020-04-27 14:10:11,710][com.capgemini.hotelbooking.service.CustomerServiceImpl][main] INFO  com.capgemini.hotelbooking.service.CustomerServiceImpl  - 3.Exit
[2020-04-27 14:10:19,475][com.capgemini.hotelbooking.dao.CustomerDAOImpl][main] INFO  com.capgemini.hotelbooking.dao.CustomerDAOImpl  - Enter your userId
[2020-04-27 14:10:34,804][com.capgemini.hotelbooking.dao.CustomerDAOImpl][main] INFO  com.capgemini.hotelbooking.dao.CustomerDAOImpl  - Enter your name
[2020-04-27 14:10:46,386][com.capgemini.hotelbooking.dao.CustomerDAOImpl][main] INFO  com.capgemini.hotelbooking.dao.CustomerDAOImpl  - please enter valid name like first name and last name
[2020-04-27 14:11:08,968][com.capgemini.hotelbooking.dao.CustomerDAOImpl][main] INFO  com.capgemini.hotelbooking.dao.CustomerDAOImpl  - please enter valid name like first name and last name
[2020-04-27 14:13:14,723][com.capgemini.hotelbooking.dao.CustomerDAOImpl][main] INFO  com.capgemini.hotelbooking.dao.CustomerDAOImpl  - please enter valid name like first name and last name
[2020-04-27 14:20:29,652][com.capgemini.hotelbooking.dao.CustomerDAOImpl][main] INFO  com.capgemini.hotelbooking.dao.CustomerDAOImpl  - please enter valid name like first name and last name
[2020-04-27 14:20:35,998][com.capgemini.hotelbooking.dao.CustomerDAOImpl][main] INFO  com.capgemini.hotelbooking.dao.CustomerDAOImpl  - please enter valid name like first name and last name
[2020-04-27 14:25:21,104][com.capgemini.hotelbooking.dao.CustomerDAOImpl][main] INFO  com.capgemini.hotelbooking.dao.CustomerDAOImpl  - please enter valid name like first name and last name
[2020-05-01 17:40:08,044][com.capgemini.hotelbooking.controller.HotelController][main] INFO  com.capgemini.hotelbooking.controller.HotelController  - 

 Select any one option to proceed

[2020-05-01 17:40:08,081][com.capgemini.hotelbooking.controller.HotelController][main] INFO  com.capgemini.hotelbooking.controller.HotelController  - 

 1. Admin 
 2. Employee 
 3. Customer 
 4. Exit

[2020-05-01 17:40:26,458][com.capgemini.hotelbooking.dao.LoginDetailDAOImpl][main] INFO  com.capgemini.hotelbooking.dao.LoginDetailDAOImpl  - 
 Enter  username : 
[2020-05-01 17:40:37,546][com.capgemini.hotelbooking.dao.LoginDetailDAOImpl][main] INFO  com.capgemini.hotelbooking.dao.LoginDetailDAOImpl  - 
 Enter password : 
[2020-05-01 17:40:42,795][com.capgemini.hotelbooking.dao.LoginDetailDAOImpl][main] INFO  com.capgemini.hotelbooking.dao.LoginDetailDAOImpl  - 

 Login done

[2020-05-01 17:40:42,795][com.capgemini.hotelbooking.dao.LoginDetailDAOImpl][main] INFO  com.capgemini.hotelbooking.dao.LoginDetailDAOImpl  - 

 1. View hotel list 
 2. View specific hotel bookings 
 3. View specific hotel patron list 
 4. View specific date bookings 
 5. Operate hotel details 
 6. Operate hotel room details 
 7. Logout

[2020-05-01 17:40:55,875][com.capgemini.hotelbooking.dao.HotelInformationDAOImpl][main] INFO  com.capgemini.hotelbooking.dao.HotelInformationDAOImpl  - 

com.capgemini.hotelbooking.bean.HotelInformation@b4c966a

[2020-05-01 17:40:55,875][com.capgemini.hotelbooking.dao.LoginDetailDAOImpl][main] INFO  com.capgemini.hotelbooking.dao.LoginDetailDAOImpl  - 

 1. View hotel list 
 2. View specific hotel bookings 
 3. View specific hotel patron list 
 4. View specific date bookings 
 5. Operate hotel details 
 6. Operate hotel room details 
 7. Logout

[2020-05-01 17:41:35,839][com.capgemini.hotelbooking.dao.AdminInformationDAOImpl][main] INFO  com.capgemini.hotelbooking.dao.AdminInformationDAOImpl  - 

 Choose which hotel booking details you want 

[2020-05-01 17:41:35,840][com.capgemini.hotelbooking.dao.AdminInformationDAOImpl][main] INFO  com.capgemini.hotelbooking.dao.AdminInformationDAOImpl  - 

 1. Raj Hansh 
 
[2020-05-01 17:42:47,574][com.capgemini.hotelbooking.dao.AdminInformationDAOImpl][main] INFO  com.capgemini.hotelbooking.dao.AdminInformationDAOImpl  - 

 Your selected hotel Raj Hansh

[2020-05-01 17:42:47,574][com.capgemini.hotelbooking.dao.AdminInformationDAOImpl][main] INFO  com.capgemini.hotelbooking.dao.AdminInformationDAOImpl  - 

 Booking hotel Raj Hansh

[2020-05-01 17:42:47,766][com.capgemini.hotelbooking.dao.BookingInformationDAOImpl][main] INFO  com.capgemini.hotelbooking.dao.BookingInformationDAOImpl  - 

com.capgemini.hotelbooking.bean.BookingInformation@2f4d3709
[2020-05-01 17:42:58,457][com.capgemini.hotelbooking.dao.AdminInformationDAOImpl][main] INFO  com.capgemini.hotelbooking.dao.AdminInformationDAOImpl  - 

 Choose which hotel booking details you want 

[2020-05-01 17:42:58,458][com.capgemini.hotelbooking.dao.AdminInformationDAOImpl][main] INFO  com.capgemini.hotelbooking.dao.AdminInformationDAOImpl  - 

 1. Raj Hansh 
 
[2020-05-01 17:45:04,706][com.capgemini.hotelbooking.dao.AdminInformationDAOImpl][main] ERROR com.capgemini.hotelbooking.dao.AdminInformationDAOImpl  - 
Please enter valid choice (Choice should be 1 )
[2020-05-01 17:45:17,647][com.capgemini.hotelbooking.dao.AdminInformationDAOImpl][main] INFO  com.capgemini.hotelbooking.dao.AdminInformationDAOImpl  - 

 Your selected hotel Raj Hansh

[2020-05-01 17:45:17,647][com.capgemini.hotelbooking.dao.AdminInformationDAOImpl][main] INFO  com.capgemini.hotelbooking.dao.AdminInformationDAOImpl  - 

 Booking hotel Raj Hansh

[2020-05-01 17:45:17,648][com.capgemini.hotelbooking.dao.BookingInformationDAOImpl][main] INFO  com.capgemini.hotelbooking.dao.BookingInformationDAOImpl  - 

com.capgemini.hotelbooking.bean.BookingInformation@2f4d3709
[2020-05-01 17:45:29,025][com.capgemini.hotelbooking.dao.LoginDetailDAOImpl][main] INFO  com.capgemini.hotelbooking.dao.LoginDetailDAOImpl  - 

 1. View hotel list 
 2. View specific hotel bookings 
 3. View specific hotel patron list 
 4. View specific date bookings 
 5. Operate hotel details 
 6. Operate hotel room details 
 7. Logout

[2020-05-01 17:45:50,298][com.capgemini.hotelbooking.dao.AdminInformationDAOImpl][main] INFO  com.capgemini.hotelbooking.dao.AdminInformationDAOImpl  - 

 1. Taj Hotel 
 
[2020-05-01 17:47:17,680][com.capgemini.hotelbooking.dao.AdminInformationDAOImpl][main] ERROR com.capgemini.hotelbooking.dao.AdminInformationDAOImpl  - 
Please enter valid choice (Choice should be 1 )
[2020-05-01 17:47:23,021][com.capgemini.hotelbooking.dao.BookingInformationDAOImpl][main] INFO  com.capgemini.hotelbooking.dao.BookingInformationDAOImpl  - 

com.capgemini.hotelbooking.bean.BookingInformation@2f4d3709
[2020-05-01 17:47:34,485][com.capgemini.hotelbooking.dao.AdminInformationDAOImpl][main] INFO  com.capgemini.hotelbooking.dao.AdminInformationDAOImpl  - 

 1. Taj Hotel 
 
[2020-05-01 17:48:49,536][com.capgemini.hotelbooking.controller.HotelController][main] INFO  com.capgemini.hotelbooking.controller.HotelController  - 

 Select any one option to proceed

[2020-05-01 17:48:49,541][com.capgemini.hotelbooking.controller.HotelController][main] INFO  com.capgemini.hotelbooking.controller.HotelController  - 

 1. Admin 
 2. Employee 
 3. Customer 
 4. Exit

[2020-05-01 17:48:55,755][com.capgemini.hotelbooking.dao.LoginDetailDAOImpl][main] INFO  com.capgemini.hotelbooking.dao.LoginDetailDAOImpl  - 
 Enter  username : 
[2020-05-01 17:49:02,917][com.capgemini.hotelbooking.dao.LoginDetailDAOImpl][main] INFO  com.capgemini.hotelbooking.dao.LoginDetailDAOImpl  - 
 Enter password : 
[2020-05-01 17:49:07,642][com.capgemini.hotelbooking.dao.LoginDetailDAOImpl][main] INFO  com.capgemini.hotelbooking.dao.LoginDetailDAOImpl  - 

 Login done

[2020-05-01 17:49:07,642][com.capgemini.hotelbooking.dao.LoginDetailDAOImpl][main] INFO  com.capgemini.hotelbooking.dao.LoginDetailDAOImpl  - 

 1. View hotel list 
 2. View specific hotel bookings 
 3. View specific hotel patron list 
 4. View specific date bookings 
 5. Operate hotel details 
 6. Operate hotel room details 
 7. Logout

[2020-05-01 17:49:14,994][com.capgemini.hotelbooking.dao.AdminInformationDAOImpl][main] INFO  com.capgemini.hotelbooking.dao.AdminInformationDAOImpl  - 

 1. Raj Hansh 
 
[2020-05-01 17:49:25,151][com.capgemini.hotelbooking.dao.BookingInformationDAOImpl][main] INFO  com.capgemini.hotelbooking.dao.BookingInformationDAOImpl  - 

com.capgemini.hotelbooking.bean.BookingInformation@b4c966a
[2020-05-01 17:49:34,814][com.capgemini.hotelbooking.dao.AdminInformationDAOImpl][main] INFO  com.capgemini.hotelbooking.dao.AdminInformationDAOImpl  - 

 1. Raj Hansh 
 
[2020-05-01 17:49:45,357][com.capgemini.hotelbooking.dao.BookingInformationDAOImpl][main] INFO  com.capgemini.hotelbooking.dao.BookingInformationDAOImpl  - 

com.capgemini.hotelbooking.bean.BookingInformation@b4c966a
[2020-05-01 17:49:51,648][com.capgemini.hotelbooking.dao.AdminInformationDAOImpl][main] INFO  com.capgemini.hotelbooking.dao.AdminInformationDAOImpl  - 

 1. Raj Hansh 
 
[2020-05-01 17:50:37,183][com.capgemini.hotelbooking.dao.AdminInformationDAOImpl][main] ERROR com.capgemini.hotelbooking.dao.AdminInformationDAOImpl  - 
Please enter valid choice (Choice should be 1 )
[2020-05-01 17:50:51,919][com.capgemini.hotelbooking.dao.BookingInformationDAOImpl][main] INFO  com.capgemini.hotelbooking.dao.BookingInformationDAOImpl  - 

com.capgemini.hotelbooking.bean.BookingInformation@b4c966a
[2020-05-01 17:50:57,030][com.capgemini.hotelbooking.dao.AdminInformationDAOImpl][main] INFO  com.capgemini.hotelbooking.dao.AdminInformationDAOImpl  - 

 1. Raj Hansh 
 
[2020-05-01 17:51:08,990][com.capgemini.hotelbooking.dao.AdminInformationDAOImpl][main] ERROR com.capgemini.hotelbooking.dao.AdminInformationDAOImpl  - 
Please enter valid choice (Choice should be 1 )
[2020-05-01 17:51:50,362][com.capgemini.hotelbooking.dao.BookingInformationDAOImpl][main] INFO  com.capgemini.hotelbooking.dao.BookingInformationDAOImpl  - 

com.capgemini.hotelbooking.bean.BookingInformation@b4c966a
[2020-05-01 17:52:11,174][com.capgemini.hotelbooking.controller.HotelController][main] INFO  com.capgemini.hotelbooking.controller.HotelController  - 

 Select any one option to proceed

[2020-05-01 17:52:11,176][com.capgemini.hotelbooking.controller.HotelController][main] INFO  com.capgemini.hotelbooking.controller.HotelController  - 

 1. Admin 
 2. Employee 
 3. Customer 
 4. Exit

[2020-05-01 17:52:18,023][com.capgemini.hotelbooking.dao.LoginDetailDAOImpl][main] INFO  com.capgemini.hotelbooking.dao.LoginDetailDAOImpl  - 
 Enter  username : 
[2020-05-01 17:52:22,071][com.capgemini.hotelbooking.dao.LoginDetailDAOImpl][main] INFO  com.capgemini.hotelbooking.dao.LoginDetailDAOImpl  - 
 Enter password : 
[2020-05-01 17:52:26,022][com.capgemini.hotelbooking.dao.LoginDetailDAOImpl][main] INFO  com.capgemini.hotelbooking.dao.LoginDetailDAOImpl  - 

 Login done

[2020-05-01 17:52:26,022][com.capgemini.hotelbooking.dao.LoginDetailDAOImpl][main] INFO  com.capgemini.hotelbooking.dao.LoginDetailDAOImpl  - 

 1. View hotel list 
 2. View specific hotel bookings 
 3. View specific hotel patron list 
 4. View specific date bookings 
 5. Operate hotel details 
 6. Operate hotel room details 
 7. Logout

[2020-05-01 17:52:34,654][com.capgemini.hotelbooking.dao.AdminInformationDAOImpl][main] INFO  com.capgemini.hotelbooking.dao.AdminInformationDAOImpl  - 

 1. Add Hotel 
 2. Update Hotel 
 3. Delete Hotel 
 4. Exit 

[2020-05-01 17:52:44,142][com.capgemini.hotelbooking.dao.HotelInformationDAOImpl][main] INFO  com.capgemini.hotelbooking.dao.HotelInformationDAOImpl  - 

 Enter hotel name

[2020-05-01 17:52:59,965][com.capgemini.hotelbooking.dao.HotelInformationDAOImpl][main] INFO  com.capgemini.hotelbooking.dao.HotelInformationDAOImpl  - 

 Enter hotel address

[2020-05-01 17:53:13,698][com.capgemini.hotelbooking.dao.HotelInformationDAOImpl][main] INFO  com.capgemini.hotelbooking.dao.HotelInformationDAOImpl  - 
 Please enter valid hotel address (Hotel name must contain City and State) 
[2020-05-01 17:53:34,437][com.capgemini.hotelbooking.dao.HotelInformationDAOImpl][main] INFO  com.capgemini.hotelbooking.dao.HotelInformationDAOImpl  - 
 Please enter valid hotel address (Hotel name must contain City and State) 
[2020-05-01 17:54:27,154][com.capgemini.hotelbooking.dao.HotelInformationDAOImpl][main] INFO  com.capgemini.hotelbooking.dao.HotelInformationDAOImpl  - 

 Enter contact number

[2020-05-01 17:54:47,757][com.capgemini.hotelbooking.dao.HotelInformationDAOImpl][main] INFO  com.capgemini.hotelbooking.dao.HotelInformationDAOImpl  - 

 Enter total number rooms in hotel

[2020-05-01 17:54:57,213][com.capgemini.hotelbooking.dao.HotelInformationDAOImpl][main] INFO  com.capgemini.hotelbooking.dao.HotelInformationDAOImpl  - 
 Hotel details of new hotel is added 

[2020-05-01 17:54:57,213][com.capgemini.hotelbooking.dao.AdminInformationDAOImpl][main] INFO  com.capgemini.hotelbooking.dao.AdminInformationDAOImpl  - 

 1. Add Hotel 
 2. Update Hotel 
 3. Delete Hotel 
 4. Exit 

[2020-05-01 17:55:25,884][com.capgemini.hotelbooking.dao.HotelInformationDAOImpl][main] INFO  com.capgemini.hotelbooking.dao.HotelInformationDAOImpl  - 

 Enter hotel name which you need to update 

[2020-05-01 17:55:40,817][com.capgemini.hotelbooking.dao.HotelInformationDAOImpl][main] INFO  com.capgemini.hotelbooking.dao.HotelInformationDAOImpl  - 
 Enter valid hotel name (Hotel name must contain NameOfHotel ) 
[2020-05-01 17:56:06,039][com.capgemini.hotelbooking.controller.HotelController][main] INFO  com.capgemini.hotelbooking.controller.HotelController  - 

 Select any one option to proceed

[2020-05-01 17:56:06,040][com.capgemini.hotelbooking.controller.HotelController][main] INFO  com.capgemini.hotelbooking.controller.HotelController  - 

 1. Admin 
 2. Employee 
 3. Customer 
 4. Exit

[2020-05-01 17:56:10,133][com.capgemini.hotelbooking.dao.LoginDetailDAOImpl][main] INFO  com.capgemini.hotelbooking.dao.LoginDetailDAOImpl  - 
 Enter  username : 
[2020-05-01 17:56:14,997][com.capgemini.hotelbooking.dao.LoginDetailDAOImpl][main] INFO  com.capgemini.hotelbooking.dao.LoginDetailDAOImpl  - 
 Enter password : 
[2020-05-01 17:56:19,425][com.capgemini.hotelbooking.dao.LoginDetailDAOImpl][main] INFO  com.capgemini.hotelbooking.dao.LoginDetailDAOImpl  - 

 Login done

[2020-05-01 17:56:19,425][com.capgemini.hotelbooking.dao.LoginDetailDAOImpl][main] INFO  com.capgemini.hotelbooking.dao.LoginDetailDAOImpl  - 

 1. View hotel list 
 2. View specific hotel bookings 
 3. View specific hotel patron list 
 4. View specific date bookings 
 5. Operate hotel details 
 6. Operate hotel room details 
 7. Logout

[2020-05-01 17:56:26,381][com.capgemini.hotelbooking.dao.AdminInformationDAOImpl][main] INFO  com.capgemini.hotelbooking.dao.AdminInformationDAOImpl  - 

 Enter date 

[2020-05-01 17:59:41,447][com.capgemini.hotelbooking.dao.AdminInformationDAOImpl][main] INFO  com.capgemini.hotelbooking.dao.AdminInformationDAOImpl  - 

 Enter date 

[2020-05-01 17:59:41,447][com.capgemini.hotelbooking.dao.AdminInformationDAOImpl][main] INFO  com.capgemini.hotelbooking.dao.AdminInformationDAOImpl  - 
 Enter valid date in the given form ( Ex: YYYY-MM-DD ) 
[2020-05-01 18:00:29,763][com.capgemini.hotelbooking.dao.AdminInformationDAOImpl][main] INFO  com.capgemini.hotelbooking.dao.AdminInformationDAOImpl  - 
 Enter valid date in the given form ( Ex: YYYY-MM-DD ) 
[2020-05-01 18:01:07,983][com.capgemini.hotelbooking.controller.HotelController][main] INFO  com.capgemini.hotelbooking.controller.HotelController  - 

 Select any one option to proceed

[2020-05-01 18:01:07,984][com.capgemini.hotelbooking.controller.HotelController][main] INFO  com.capgemini.hotelbooking.controller.HotelController  - 

 1. Admin 
 2. Employee 
 3. Customer 
 4. Exit

[2020-05-01 18:01:12,234][com.capgemini.hotelbooking.dao.LoginDetailDAOImpl][main] INFO  com.capgemini.hotelbooking.dao.LoginDetailDAOImpl  - 
 Enter  username : 
[2020-05-01 18:01:16,242][com.capgemini.hotelbooking.dao.LoginDetailDAOImpl][main] INFO  com.capgemini.hotelbooking.dao.LoginDetailDAOImpl  - 
 Enter password : 
[2020-05-01 18:01:20,195][com.capgemini.hotelbooking.dao.LoginDetailDAOImpl][main] INFO  com.capgemini.hotelbooking.dao.LoginDetailDAOImpl  - 

 Login done

[2020-05-01 18:01:20,195][com.capgemini.hotelbooking.dao.LoginDetailDAOImpl][main] INFO  com.capgemini.hotelbooking.dao.LoginDetailDAOImpl  - 

 1. View hotel list 
 2. View specific hotel bookings 
 3. View specific hotel patron list 
 4. View specific date bookings 
 5. Operate hotel details 
 6. Operate hotel room details 
 7. Logout

[2020-05-01 18:01:30,207][com.capgemini.hotelbooking.dao.AdminInformationDAOImpl][main] INFO  com.capgemini.hotelbooking.dao.AdminInformationDAOImpl  - 

 1. Raj Hansh 
 
[2020-05-01 18:01:44,456][com.capgemini.hotelbooking.dao.BookingInformationDAOImpl][main] INFO  com.capgemini.hotelbooking.dao.BookingInformationDAOImpl  - 

com.capgemini.hotelbooking.bean.BookingInformation@b4c966a
[2020-05-01 18:01:51,626][com.capgemini.hotelbooking.dao.AdminInformationDAOImpl][main] INFO  com.capgemini.hotelbooking.dao.AdminInformationDAOImpl  - 

 1. Raj Hansh 
 
[2020-05-01 18:02:02,457][com.capgemini.hotelbooking.dao.AdminInformationDAOImpl][main] ERROR com.capgemini.hotelbooking.dao.AdminInformationDAOImpl  - 
Please enter valid choice (Choice should be 1 )
[2020-05-01 18:02:05,980][com.capgemini.hotelbooking.dao.BookingInformationDAOImpl][main] INFO  com.capgemini.hotelbooking.dao.BookingInformationDAOImpl  - 

com.capgemini.hotelbooking.bean.BookingInformation@b4c966a
[2020-05-01 18:02:10,260][com.capgemini.hotelbooking.dao.LoginDetailDAOImpl][main] INFO  com.capgemini.hotelbooking.dao.LoginDetailDAOImpl  - 

 1. View hotel list 
 2. View specific hotel bookings 
 3. View specific hotel patron list 
 4. View specific date bookings 
 5. Operate hotel details 
 6. Operate hotel room details 
 7. Logout

[2020-05-14 02:31:38,298][com.capgemini.hotelbooking.controller.HotelMainController][main] INFO  com.capgemini.hotelbooking.controller.HotelMainController  - Feel good to fill application
[2020-05-14 02:31:38,314][com.capgemini.hotelbooking.controller.HotelMainController][main] INFO  com.capgemini.hotelbooking.controller.HotelMainController  - Select any one option to proceed
[2020-05-14 02:31:38,861][com.capgemini.hotelbooking.controller.HotelMainController][main] INFO  com.capgemini.hotelbooking.controller.HotelMainController  - 1.Customer
[2020-05-14 02:31:38,861][com.capgemini.hotelbooking.controller.HotelMainController][main] INFO  com.capgemini.hotelbooking.controller.HotelMainController  - 2.Employee
[2020-05-14 02:31:38,861][com.capgemini.hotelbooking.controller.HotelMainController][main] INFO  com.capgemini.hotelbooking.controller.HotelMainController  - 3.Admin
[2020-05-14 02:31:38,861][com.capgemini.hotelbooking.controller.HotelMainController][main] INFO  com.capgemini.hotelbooking.controller.HotelMainController  - 4.Exit
[2020-05-14 02:31:38,881][com.capgemini.hotelbooking.controller.HotelMainController][main] INFO  com.capgemini.hotelbooking.controller.HotelMainController  - Please Select the choice to perform operation requried
Feel good to fill application
Select any one option to proceed
1.Customer
2.Employee
3.Admin
4.Exit
Please Select the choice to perform operation requried
Enter valid chioce [1 or 2 or 3 or 4]
Welcome TO  admin Module
Please Select the choice
1.Login
2.Exit to Home Page
Select the choice 1 or 2
Enter Your username
Enter Your password
1.Customer
2.Employee
3.Admin
4.Exit
Please Select the choice to perform operation requried
Feel good to fill application
Select any one option to proceed
1.Customer
2.Employee
3.Admin
4.Exit
Please Select the choice to perform operation requried
Welcome TO  admin Module
Please Select the choice
1.Login
2.Exit to Home Page
Select the choice 1 or 2
Enter Your username
Enter Your password
Invalid login details
1.Login
2.Exit to Home Page
Select the choice 1 or 2
Enter Your username
Enter Your password
Login sucessfull
Please select which operation you need to access
1.operation on Hotels
2.Operation on Rooms
3.Operation on Employees
4.View List Of Hotels
5.Get All Employees
6.View Guest List of Specified Hotels
7.View Booking At Specified Date
8.logout
Select your choice 1 or 2 or 3 or 4 or 5 or 6 or 7 or 8 or 9
Feel good to fill application
Select any one option to proceed
1.Customer
2.Employee
3.Admin
4.Exit
Please Select the choice to perform operation requried
Welcome TO  Customer Module
Please Select the choice
1.Login(*If you are an existing coustmer* )
2.Register(*If you are new coustmer)
3.Forgot password
4.Exit to Home Page
Enter your choice 1 or 2 or 3 or 4
Enter Your username
Enter Your password
Invalid login detail
1.Login(*If you are an existing coustmer* )
2.Register(*If you are new coustmer)
3.Forgot password
4.Exit to Home Page
Enter your choice 1 or 2 or 3 or 4
Enter Your username
Enter Your password
login sucessfull
Please select your operation
1.Booking Hotel
2.Booking Status
3.logout
Please enter your choice (1 or 2 or 3)
Feel good to fill application
Select any one option to proceed
1.Customer
2.Employee
3.Admin
4.Exit
Please Select the choice to perform operation requried
Welcome TO  Employee Module
Please Select the choice
1.Login
2.Exit to Home Page
Select the choice 1 or 2
Enter Your username
Enter Your password
Invalid login detail
1.Login
2.Exit to Home Page
Select the choice 1 or 2
Enter Your username
Enter Your password
Invalid login detail
1.Login
2.Exit to Home Page
Select the choice 1 or 2
Feel good to fill application
Select any one option to proceed
1.Customer
2.Employee
3.Admin
4.Exit
Please Select the choice to perform operation requried
Welcome TO  Employee Module
Please Select the choice
1.Login
2.Exit to Home Page
Select the choice 1 or 2
Enter Your username
Enter Your password
login sucessfull
Select requried operation
1.BookHotel
2.CustomerDetails
3.Logout
Select your choice 1 or 2 or 3
Feel good to fill application
Select any one option to proceed
1.Customer
2.Employee
3.Admin
4.Exit
Please Select the choice to perform operation requried
Welcome TO  Employee Module
Please Select the choice
1.Login
2.Exit to Home Page
Select the choice 1 or 2
Enter Your username
Enter Your password
Invalid login detail
1.Login
2.Exit to Home Page
Select the choice 1 or 2
Feel good to fill application
Select any one option to proceed
1.Admin
2.Employee
3.Customer
4.Exit
Select the option to perform operation you want
Welcome
Select any one option to proceed
1.Login
2.Register
3.Forgot password
4.Exit
Enter your choice (1-4)
Enter Your username
Enter Your password
Invalid login detail
1.Login
2.Register
3.Forgot password
4.Exit
Enter your choice (1-4)
Enter Your username
Enter Your password
Invalid login detail
1.Login
2.Register
3.Forgot password
4.Exit
Enter your choice (1-4)
Feel good to fill application
Select any one option to proceed
1.Admin
2.Employee
3.Customer
4.Exit
Select the option to perform operation you want
Welcome
Select any one option to proceed
1.Login
2.Register
3.Forgot password
4.Exit
Enter your choice (1-4)
Enter Your username
Enter Your password
Invalid login detail
1.Login
2.Register
3.Forgot password
4.Exit
Enter your choice (1-4)
Enter Your username
Enter Your password
Invalid login detail
1.Login
2.Register
3.Forgot password
4.Exit
Enter your choice (1-4)
Feel good to fill application
Select any one option to proceed
1.Admin
2.Employee
3.Customer
4.Exit
Select the option to perform operation you want
Welcome
Select any one option to proceed
1.Login
2.Register
3.Forgot password
4.Exit
Enter your choice (1-4)
Enter Your username
Enter Your password
Invalid login detail
1.Login
2.Register
3.Forgot password
4.Exit
Enter your choice (1-4)
Feel good to fill application
Select any one option to proceed
1.Admin
2.Employee
3.Customer
4.Exit
Select the option to perform operation you want
Welcome
Select any one option to proceed
1.Login
2.Exit to Home Page
Select any one option (1-2)
Enter Your username
Enter Your password
login done
Select any one option to proceed
1.BookHotel
2.CustomerDetails
3.Logout
Select any one option (1-3)
Select location 
1.chennai
2.pondicherry
3.back
Select any one option (1-3)
List of Hotels in chennai
1   Grazial
2   Pavitra
Enter hotel number
Available rooms for use
Roomtype  Roomprice
Single   10000.0
Double   20000.0
Select Room Type Requried
1.Single(For Two Members)
2.Double(For Four Members)
3.back
Select any one option (1-3)
Enter required details to book hotel
Enter name of the booking person (First and Last name having only letters)
Enter valid name (First and Last name having only letters)
Enter phone number (must have 10 numbers and starting with 6 or 7 or 8 or 9)
Enter check-in date in the given format(yyyy-mm-dd))
Enter check-out date (yyyy-mm-dd)
Check-out date should be checkindate or future date
Enter valid date
Select payment mode
1.Online
2.Cash
Select any one option (1-2)
Select any one option (1-2)
Booking done
Booking [bookedusername=amit, bookedname=Riytr y, bookednumber=9087654321, bookedhotel=Black Mamba, bookedroomtype=Double, bookedprice=20000.0, bookeddate=2020-05-15, checkindate=2020-05-15, checkoutdate=2020-05-15, paymentmode=online]
Select location 
1.chennai
2.pondicherry
3.back
Select any one option (1-3)
List of Hotels in pondicherry
1   Catorist
2   Black Mamba
Enter hotel number
Feel good to fill application
Select any one option to proceed
1.Admin
2.Employee
3.Customer
4.Exit
Select the option to perform operation you want
Welcome
Select any one option to proceed
1.Login
2.Register
3.Forgot password
4.Exit
Enter your choice (1-4)
Enter Your username
Enter Your password
login sucessfull
Select any one option you want to perform
1.Booking Hotel
2.Booking Status
3.logout
Enter your choice (1-3)
Feel good to fill application
Select any one option to proceed
1.Admin
2.Employee
3.Customer
4.Exit
Select the option to perform operation you want
Hello Admin
Select the required choice
1.Login
2.Exit
Select the option in (1-2)
Enter Your username
Enter Your password
Login done
Select any one operation you want to access
1.Operate Hotels
2.Operate Rooms
3.Operate Employees
4.View List Of Hotels
5.Get All Employees
6.View Patron List of Specific Hotel
7.View Booking On Specific Date
8.logout
Select any one option (1-9)
Feel good to fill application
Select any one option to proceed
1.Admin
2.Employee
3.Customer
4.Exit
Select the option to perform operation you want
Welcome
Select any one option to proceed
1.Login
2.Exit to Home Page
Select any one option (1-2)
Enter Your username
Enter Your password
login done
Select any one option to proceed
1.BookHotel
2.CustomerDetails
3.Logout
Select any one option (1-3)
Select location 
1.chennai
2.pondicherry
3.back
Select any one option (1-3)
List of Hotels in chennai
1   Grazial
2   Pavitra
Enter hotel number
Available rooms for use
Roomtype  Roomprice
Single   10000.0
Double   20000.0
Select Room Type Requried
1.Single(For Two Members)
2.Double(For Four Members)
3.back
Select any one option (1-3)
Enter required details to book hotel
Enter name of the booking person (First and Last name having only letters)
Enter phone number (must have 10 numbers and starting with 6 or 7 or 8 or 9)
Enter check-in date in the given format(yyyy-mm-dd))
Enter vaild date in the given format(yyyy-mm-dd)
Enter check-out date (yyyy-mm-dd)
Select payment mode
1.Online
2.Cash
Select any one option (1-2)
Booking done
Booking [bookedusername=amit, bookedname=asde rtert, bookednumber=9087654321, bookedhotel=Black Mamba, bookedroomtype=Single, bookedprice=10000.0, bookeddate=2020-05-15, checkindate=2020-05-15, checkoutdate=2020-05-15, paymentmode=online]
Select location 
1.chennai
2.pondicherry
3.back
Select any one option (1-3)
List of Hotels in pondicherry
1   Catorist
2   Black Mamba
Enter hotel number
Feel good to fill application
Select any one option to proceed
1.Admin
2.Employee
3.Customer
4.Exit
Select the option to perform operation you want
Welcome
Select any one option to proceed
1.Login
2.Exit to Home Page
Select any one option (1-2)
Enter Your username
Enter Your password
login done
Select any one option to proceed
1.BookHotel
2.CustomerDetails
3.Logout
Select any one option (1-3)
Select location 
1.chennai
2.pondicherry
3.back
Select any one option (1-3)
List of Hotels in chennai
1   Grazial
2   Pavitra
Enter hotel number
Available rooms for use
Roomtype  Roomprice
Single   10000.0
Double   20000.0
Select Room Type Requried
1.Single(For Two Members)
2.Double(For Four Members)
3.back
Select any one option (1-3)
Enter required details to book hotel
Enter name of the booking person (First and Last name having only letters)
Enter valid name (First and Last name having only letters)
Enter phone number (must have 10 numbers and starting with 6 or 7 or 8 or 9)
Enter check-in date in the given format(yyyy-mm-dd))
Enter check-out date (yyyy-mm-dd)
Select payment mode
1.Online
2.Cash
Select any one option (1-2)
Booking done
Booking [bookedusername=amit, bookedname=asd ase, bookednumber=9087654321, bookedhotel=Black Mamba, bookedroomtype=Single, bookedprice=10000.0, bookeddate=2020-05-15, checkindate=2020-05-15, checkoutdate=2020-05-16, paymentmode=online]
Select location 
1.chennai
2.pondicherry
3.back
Select any one option (1-3)
List of Hotels in pondicherry
1   Catorist
2   Black Mamba
Enter hotel number
Given Hotelnumber not found, give proper hotelnumber 
Select location 
1.chennai
2.pondicherry
3.back
Select any one option (1-3)
Feel good to fill application
Select any one option to proceed
1.Admin
2.Employee
3.Customer
4.Exit
Select the option to perform operation you want
Welcome
Select any one option to proceed
1.Login
2.Exit to Home Page
Select any one option (1-2)
Enter Your username
Enter Your password
login done
Select any one option to proceed
1.BookHotel
2.CustomerDetail
3.Logout
Select any one option (1-3)
Select location 
1.chennai
2.pondicherry
3.back
Select any one option (1-3)
List of Hotels in chennai
1   Grazial
2   Pavitra
Enter hotel number
Available rooms for use
Roomtype  Roomprice
Single sitter   10000.0
Double sitter   20000.0
Select Room Type Requried
1.Single sitter(For Two Members)
2.Double sitter(For Four Members)
3.back
Select any one option (1-3)
Enter required details to book hotel
Enter name of the booking person (First and Last name having only letters)
Enter phone number (must have 10 numbers and starting with 6 or 7 or 8 or 9)
Enter check-in date in the given format(yyyy-mm-dd))
Enter check-out date (yyyy-mm-dd)
Select payment mode
1.Online
2.Cash
Select any one option (1-2)
Booking done
Booking [bookedusername=amit, bookedname=werew rtfds, bookednumber=9087654321, bookedhotel=Grazial, bookedroomtype=Single sitter, bookedprice=10000.0, bookeddate=2020-05-15, checkindate=2020-05-15, checkoutdate=2020-05-15, paymentmode=Cash]
Select location 
1.chennai
2.pondicherry
3.back
Select any one option (1-3)
List of Hotels in pondicherry
1   Catorist
2   Black Mamba
Enter hotel number
Available rooms for use
Roomtype  Roomprice
Single sitter   10000.0
Double sitter   20000.0
Select Room Type Requried
1.Single sitter(For Two Members)
2.Double sitter(For Four Members)
3.back
Select any one option (1-3)
Enter required details to book hotel
Enter name of the booking person (First and Last name having only letters)
Enter phone number (must have 10 numbers and starting with 6 or 7 or 8 or 9)
Enter check-in date in the given format(yyyy-mm-dd))
Enter check-out date (yyyy-mm-dd)
Select payment mode
1.Online
2.Cash
Select any one option (1-2)
Booking done
Booking [bookedusername=amit, bookedname=tfyh hgdfs, bookednumber=9087654321, bookedhotel=Catorist, bookedroomtype=Double sitter, bookedprice=20000.0, bookeddate=2020-05-15, checkindate=2020-05-15, checkoutdate=2020-05-15, paymentmode=online]
Select location 
1.chennai
2.pondicherry
3.back
Select any one option (1-3)
Select any one option to proceed
1.BookHotel
2.CustomerDetail
3.Logout
Select any one option (1-3)
Customer [ Name=Ritwik Yadav, PhoneNumber=8109332048, MailId=ritwik@gmail.com]
Select any one option to proceed
1.BookHotel
2.CustomerDetail
3.Logout
Select any one option (1-3)
1.Login
2.Exit to Home Page
Select any one option (1-2)
1.Admin
2.Employee
3.Customer
4.Exit
Select the option to perform operation you want
Welcome
Select any one option to proceed
1.Login
2.Register
3.Forgot password
4.Exit
Enter your choice (1-4)
Enter Your username
Enter Your password
Invalid login detail
1.Login
2.Register
3.Forgot password
4.Exit
Enter your choice (1-4)
Enter Your username
Enter Your password
login done
Select any one option you want to perform
1.Booking Hotel
2.Booking Status
3.logout
Enter your choice (1-3)
Select location 
1.chennai
2.pondicherry
3.back
Select any one option (1-3)
List of Hotels in chennai
1   Grazial
2   Pavitra
Enter hotel number
Available rooms for use
Roomtype  Roomprice
Single sitter   10000.0
Double sitter   20000.0
Select Room Type Requried
1.Single sitter(For Two Members)
2.Double sitter(For Four Members)
3.back
Select any one option (1-3)
Enter required details to book hotel
Enter name of the booking person (First and Last name having only letters)
Enter phone number (must have 10 numbers and starting with 6 or 7 or 8 or 9)
Enter check-in date in the given format(yyyy-mm-dd))
Enter check-out date (yyyy-mm-dd)
Select payment mode
1.Online
2.Cash
Select any one option (1-2)
Booking done
Booking [bookedusername=ritwik, bookedname=rdsf juyg, bookednumber=9087654321, bookedhotel=Grazial, bookedroomtype=Double sitter, bookedprice=20000.0, bookeddate=2020-05-15, checkindate=2020-05-15, checkoutdate=2020-05-15, paymentmode=online]
Select location 
1.chennai
2.pondicherry
3.back
Select any one option (1-3)
List of Hotels in pondicherry
1   Catorist
2   Black Mamba
Enter hotel number
Available rooms for use
Roomtype  Roomprice
Single sitter   10000.0
Double sitter   20000.0
Select Room Type Requried
1.Single sitter(For Two Members)
2.Double sitter(For Four Members)
3.back
Select any one option (1-3)
Enter required details to book hotel
Enter name of the booking person (First and Last name having only letters)
Enter phone number (must have 10 numbers and starting with 6 or 7 or 8 or 9)
Enter check-in date in the given format(yyyy-mm-dd))
Enter check-out date (yyyy-mm-dd)
Select payment mode
1.Online
2.Cash
Select any one option (1-2)
Booking done
Booking [bookedusername=ritwik, bookedname=ygftr hfds, bookednumber=9087654321, bookedhotel=Black Mamba, bookedroomtype=Double sitter, bookedprice=20000.0, bookeddate=2020-05-15, checkindate=2020-05-15, checkoutdate=2020-05-15, paymentmode=Cash]
Select location 
1.chennai
2.pondicherry
3.back
Select any one option (1-3)
Select any one option you want to perform
1.Booking Hotel
2.Booking Status
3.logout
Enter your choice (1-3)
Booking [bookedusername=ritwik, bookedname=ritwik r, bookednumber=9039285096, bookedhotel=Catorist, bookedroomtype=Single sitter, bookedprice=10000.0, bookeddate=2020-05-06, checkindate=2020-05-10, checkoutdate=2020-05-11, paymentmode=null]
Booking [bookedusername=ritwik, bookedname=rdsf juyg, bookednumber=9087654321, bookedhotel=Grazial, bookedroomtype=Double sitter, bookedprice=20000.0, bookeddate=2020-05-15, checkindate=2020-05-15, checkoutdate=2020-05-15, paymentmode=online]
Booking [bookedusername=ritwik, bookedname=ygftr hfds, bookednumber=9087654321, bookedhotel=Black Mamba, bookedroomtype=Double sitter, bookedprice=20000.0, bookeddate=2020-05-15, checkindate=2020-05-15, checkoutdate=2020-05-15, paymentmode=Cash]
Select any one option you want to perform
1.Booking Hotel
2.Booking Status
3.logout
Enter your choice (1-3)
1.Login
2.Register
3.Forgot password
4.Exit
Enter your choice (1-4)
Enter your details to register
Enter Your username [ can have letters, numbers,specialcharacters but length should be (3-14)])
Enter your name (like firstname and lastname and having only letters)
Enter your name (like firstname and lastname and having only letters)
Enter mailid (eg: abc@abc.abc)
Enter mailid (eg: abc@abc.abc)
Enter your phone number(must have 10 digits and starting with 6 or 7 or 8 or 9)
Enter valid password (must have atleast one uppercase letter and lowercase letter, atleast one number,and specialcharacter(@)
Registration done
1.Login
2.Register
3.Forgot password
4.Exit
Enter your choice (1-4)
Enter your username to update password
UserName found
Enter your password
Enter valid password (must have atleast one uppercase letter and lowercase letter, atleast one number,and specialcharacter(@)
Password updated
1.Login
2.Register
3.Forgot password
4.Exit
Enter your choice (1-4)
1.Admin
2.Employee
3.Customer
4.Exit
Select the option to perform operation you want
Welcome
Select any one option to proceed
1.Login
2.Exit to Home Page
Select any one option (1-2)
1.Admin
2.Employee
3.Customer
4.Exit
Select the option to perform operation you want
Hello Admin
Select the required choice
1.Login
2.Exit
Select the option in (1-2)
Enter Your username
Enter Your password
Login failed, try again
1.Login
2.Exit
Select the option in (1-2)
Enter Your username
Enter Your password
Login failed, try again
1.Login
2.Exit
Select the option in (1-2)
Feel good to fill application
Select any one option to proceed
1.Admin
2.Employee
3.Customer
4.Exit
Select the option to perform operation you want
Hello Admin
Select the required choice
1.Login
2.Exit
Select the option in (1-2)
Enter Your username
Enter Your password
Login failed, try again
1.Login
2.Exit
Select the option in (1-2)
Enter Your username
Enter Your password
Login done
Select any one operation you want to access
1.Operate Hotels
2.Operate Rooms
3.Operate Employees
4.View List Of Hotels
5.Get All Employees
6.View Patron List of Specific Hotel
7.View Booking On Specific Date
8.logout
Select any one option (1-9)
Feel good to fill application
Select any one option to proceed
1.Admin
2.Employee
3.Customer
4.Exit
Select the option to perform operation you want
Hello Admin
Select the required choice
1.Login
2.Exit
Select the option in (1-2)
Enter Your username
Enter Your password
Login done
Select any one operation you want to access
1.Operate Hotels
2.Operate Rooms
3.Operate Employees
4.View List Of Hotels
5.Get All Employees
6.View Patron List of Specific Hotel
7.View Booking On Specific Date
8.logout
Select any one option (1-8)
Select the operation you want to perform
1.add hotel
2.delete hotel
3.update hotel
4.back
Select any one option (1-4)
Select location to add hotel
1.chennai
2.pondicherry
3.back
Select any one option (1-3)
Enter Hotel number,it can be single or double digit number(1-99)
Enter hotel name, must be character(eg: Catorist)
Enter hotel name, must be characters(eg: Catorist)
Enter hotel name, must be characters(eg: Catorist)
Enter hotel name, must be characters(eg: Catorist)
Feel good to fill application
Select any one option to proceed
1.Admin
2.Employee
3.Customer
4.Exit
Select the option to perform operation you want
Hello Admin
Select the required choice
1.Login
2.Exit
Select the option in (1-2)
Enter Your username
Enter Your password
Login done
Select any one operation you want to access
1.Operate Hotels
2.Operate Rooms
3.Operate Employees
4.View List Of Hotels
5.Get All Employees
6.View Patron List of Specific Hotel
7.View Booking On Specific Date
8.logout
Select any one option (1-8)
Select the operation you want to perform
1.add hotel
2.delete hotel
3.update hotel
4.back
Select any one option (1-4)
Select location to delete hotel you want
1.chennai
2.pondicherry
3.back
Select any one option (1-3)
1  Grazial
2  Pavitra
Enter hotel number
hotel deleted
Select the operation you want to perform
1.add hotel
2.delete hotel
3.update hotel
4.back
Select any one option (1-4)
Select location to update hotel you want
1.chennai
2.pondicherry
3.back
Select any one option (1-3)
1   Catorist
2   Black Mamba
Enter hotel number
hotel details matched
Enter hotel name, must have characters(eg: Catorist)
Enter hotel name, must have characters(eg: Catorist)
Enter hotel name, must have characters(eg: Catorist)
Feel good to fill application
Select any one option to proceed
1.Admin
2.Employee
3.Customer
4.Exit
Select the option to perform operation you want
Hello Admin
Select the required choice
1.Login
2.Exit
Select the option in (1-2)
Select the choice (1-2)
Select the choice (1-2)
Enter Your username
Enter Your password
Login done
Select any one operation you want to access
1.Operate Hotels
2.Operate Rooms
3.Operate Employees
4.View List Of Hotels
5.Get All Employees
6.View Patron List of Specific Hotel
7.View Booking On Specific Date
8.logout
Select any one option (1-8)
Select operation you want to perform on rooms
1.addroom
2.delete room
3.update room
4.get all rooms
5.back
Select any one option (1-5)
Select location to addroom
1.chennai
2.pondicherry
3.back
Select any one option (1-3)
1  Catorist
2  Black Mamba
Enter hotel number
Room details found
Select room type
1.Single sitter
2.Double sitter
3.back
Registration done
Select operation you want to perform on rooms
1.addroom
2.delete room
3.update room
4.get all rooms
5.back
Select any one option (1-5)
Select location to delete room
1.chennai
2.pondicherry
3.back
Select any one option (1-3)
1   Catorist
2   Black Mamba
Enter hotel number
Select room type you want to delete
1.Single sitter
2.Double sitter
3.back
Room deleted
Select operation you want to perform on rooms
1.addroom
2.delete room
3.update room
4.get all rooms
5.back
Select any one option (1-5)
Select location to update room
1.chennai
2.pondicherry
3.back
Select any one option (1-3)
1   Grazial
2   Pavitra
Enter hotel number
Select room type to update
1.Single sitter
2.Double sitter
3.back
update done
Select operation you want to perform on rooms
1.addroom
2.delete room
3.update room
4.get all rooms
5.back
Select any one option (1-5)
Room [hotelnumber=1, roomtype=Single sitter, hotelname=Catorist, hotellocation=pondicherry, price=10000.0]
Room [hotelnumber=1, roomtype=Double sitter, hotelname=Catorist, hotellocation=pondicherry, price=20000.0]
Room [hotelnumber=2, roomtype=Single sitter, hotelname=Black Mamba, hotellocation=pondicherry, price=10000.0]
Room [hotelnumber=1, roomtype=Single sitter, hotelname=Grazial, hotellocation=chennai, price=10000.0]
Room [hotelnumber=1, roomtype=Double sitter, hotelname=Grazial, hotellocation=chennai, price=20000.0]
Room [hotelnumber=2, roomtype=Single sitter, hotelname=Pavitra, hotellocation=chennai, price=10000.0]
Room [hotelnumber=2, roomtype=Single sitter, hotelname=Pavitra, hotellocation=chennai, price=10000.0]
Room [hotelnumber=1, roomtype=Single sitter, hotelname=Catorist, hotellocation=pondicherry, price=10000.0]
Select operation you want to perform on rooms
1.addroom
2.delete room
3.update room
4.get all rooms
5.back
Select any one option (1-5)
Select any one operation you want to access
1.Operate Hotels
2.Operate Rooms
3.Operate Employees
4.View List Of Hotels
5.Get All Employees
6.View Patron List of Specific Hotel
7.View Booking On Specific Date
8.logout
Select any one option (1-8)
Select any one option to proceed
1.BookHotel
2.CustomerDetail
3.Logout
Select any one option (1-3)
Select location 
1.chennai
2.pondicherry
3.back
Select any one option (1-3)
List of Hotels in chennai
1   Grazial
2   Pavitra
Enter hotel number
Available rooms for use
Roomtype  Roomprice
Single sitter   10000.0
Double sitter   20000.0
Select Room Type Requried
1.Single sitter(For Two Members)
2.Double sitter(For Four Members)
3.back
Select any one option (1-3)
Enter required details to book hotel
Enter name of the booking person (First and Last name having only letters)
Enter valid name (First and Last name having only letters)
Enter phone number (must have 10 numbers and starting with 6 or 7 or 8 or 9)
Enter check-in date in the given format(yyyy-mm-dd))
Enter check-out date (yyyy-mm-dd)
Select payment mode
1.Online
2.Cash
Select any one option (1-2)
Booking done
Booking [bookedusername=3, bookedname=erews uytr, bookednumber=9087654321, bookedhotel=Grazial, bookedroomtype=Single sitter, bookedprice=10000.0, bookeddate=2020-05-15, checkindate=2020-05-15, checkoutdate=2020-05-15, paymentmode=online]
Select location 
1.chennai
2.pondicherry
3.back
Select any one option (1-3)
Select any one option to proceed
1.BookHotel
2.CustomerDetail
3.Logout
Select any one option (1-3)
Customer [ Name=Ritwik Yadav, PhoneNumber=8109332048, MailId=ritwik@gmail.com]
Select any one option to proceed
1.BookHotel
2.CustomerDetail
3.Logout
Select any one option (1-3)
Select any one operation you want to access
1.Operate Hotels
2.Operate Rooms
3.Operate Employees
4.View List Of Hotels
5.Get All Employees
6.View Patron List of Specific Hotel
7.View Booking On Specific Date
8.logout
Select any one option (1-8)
Hotel [hotelnumber=1, hotelname=Catorist, location=pondicherry, emailid=catorist@gmail.com, phonenumber=8989898989]
Hotel [hotelnumber=2, hotelname=Black Mamba, location=pondicherry, emailid=blackmamba@gmail.com, phonenumber=8989898990]
Hotel [hotelnumber=1, hotelname=Grazial, location=chennai, emailid=grazial@gamil.com, phonenumber=8989898991]
Hotel [hotelnumber=2, hotelname=Pavitra, location=chennai, emailid=pavitra@gamil.com, phonenumber=8989898992]
Select any one operation you want to access
1.Operate Hotels
2.Operate Rooms
3.Operate Employees
4.View List Of Hotels
5.Get All Employees
6.View Patron List of Specific Hotel
7.View Booking On Specific Date
8.logout
Select any one option (1-8)
Room [hotelnumber=1, roomtype=Single sitter, hotelname=Catorist, hotellocation=pondicherry, price=10000.0]
Room [hotelnumber=1, roomtype=Double sitter, hotelname=Catorist, hotellocation=pondicherry, price=20000.0]
Room [hotelnumber=2, roomtype=Single sitter, hotelname=Black Mamba, hotellocation=pondicherry, price=10000.0]
Room [hotelnumber=1, roomtype=Single sitter, hotelname=Grazial, hotellocation=chennai, price=10000.0]
Room [hotelnumber=1, roomtype=Double sitter, hotelname=Grazial, hotellocation=chennai, price=20000.0]
Room [hotelnumber=2, roomtype=Single sitter, hotelname=Pavitra, hotellocation=chennai, price=10000.0]
Room [hotelnumber=2, roomtype=Single sitter, hotelname=Pavitra, hotellocation=chennai, price=10000.0]
Room [hotelnumber=1, roomtype=Single sitter, hotelname=Catorist, hotellocation=pondicherry, price=10000.0]
Select any one operation you want to access
1.Operate Hotels
2.Operate Rooms
3.Operate Employees
4.View List Of Hotels
5.Get All Employees
6.View Patron List of Specific Hotel
7.View Booking On Specific Date
8.logout
Select any one option (1-8)
Enter hotel name
Booking not done 
Select any one operation you want to access
1.Operate Hotels
2.Operate Rooms
3.Operate Employees
4.View List Of Hotels
5.Get All Employees
6.View Patron List of Specific Hotel
7.View Booking On Specific Date
8.logout
Select any one option (1-8)
Enter hotel name
Booking [bookedusername=ritwik, bookedname=ritwik r, bookednumber=9039285096, bookedhotel=Catorist, bookedroomtype=Single sitter, bookedprice=10000.0, bookeddate=2020-05-06, checkindate=2020-05-10, checkoutdate=2020-05-11, paymentmode=null]
Booking [bookedusername=yadav, bookedname=yadav y, bookednumber=9039285097, bookedhotel=Catorist, bookedroomtype=Double sitter, bookedprice=20000.0, bookeddate=2020-05-10, checkindate=2020-05-10, checkoutdate=2020-05-19, paymentmode=null]
Select any one operation you want to access
1.Operate Hotels
2.Operate Rooms
3.Operate Employees
4.View List Of Hotels
5.Get All Employees
6.View Patron List of Specific Hotel
7.View Booking On Specific Date
8.logout
Select any one option (1-8)
Enter the date requried in the given format(yyyy-mm-dd)
Booking [bookedusername=3, bookedname=erews uytr, bookednumber=9087654321, bookedhotel=Grazial, bookedroomtype=Single sitter, bookedprice=10000.0, bookeddate=2020-05-15, checkindate=2020-05-15, checkoutdate=2020-05-15, paymentmode=online]
Select any one operation you want to access
1.Operate Hotels
2.Operate Rooms
3.Operate Employees
4.View List Of Hotels
5.Get All Employees
6.View Patron List of Specific Hotel
7.View Booking On Specific Date
8.logout
Select any one option (1-8)
Enter the date requried in the given format(yyyy-mm-dd)
Booking not done 
Select any one operation you want to access
1.Operate Hotels
2.Operate Rooms
3.Operate Employees
4.View List Of Hotels
5.Get All Employees
6.View Patron List of Specific Hotel
7.View Booking On Specific Date
8.logout
Select any one option (1-8)
Select any one option to proceed
1.BookHotel
2.CustomerDetail
3.Logout
Select any one option (1-3)
Feel good to fill application
Select any one option to proceed
1.Admin
2.Employee
3.Customer
4.Exit
Select the option to perform operation you want
Hello Admin
Select the required choice
1.Login
2.Exit
Select the option in (1-2)
Enter Your username
Enter Your password
Login done
Select any one operation you want to access
1.Operate Hotels
2.Operate Rooms
3.Operate Employees
4.View List Of Hotels
5.Get All Employees
6.View Patron List of Specific Hotel
7.View Booking On Specific Date
8.logout
Select any one option (1-8)
Select any one option to proceed
1.BookHotel
2.CustomerDetail
3.Logout
Select any one option (1-3)
Feel good to fill application
Select any one option to proceed
1.Admin
2.Employee
3.Customer
4.Exit
Select the option to perform operation you want
Hello Admin
Select the required choice
1.Login
2.Exit
Select the option in (1-2)
Enter Your username
Enter Your password
Login done
Feel good to fill application
Select any one option to proceed
1.Admin
2.Employee
3.Customer
4.Exit
Select the option to perform operation you want
Hello Admin
Select the required choice
1.Login
2.Exit
Select the option in (1-2)
Enter Your username
Enter Your password
Login done
Select any one operation you want to access
1.Operate Hotels
2.Operate Rooms
3.Operate Employees
4.View List Of Hotels
5.Get All Employees
6.View Patron List of Specific Hotel
7.View Booking On Specific Date
8.logout
Select any one option (1-8)
Select any one option to proceed
1.add employee
2.delete employee
3.update employee
4.Get all employees
5.back
Select any one option (1-4)
Employee [username=amit, name=Amit Yadav, phonenumber=9039285096, mailid=amit@gmail.com, password=Amit@567, salary=15000]
Select any one option to proceed
1.add employee
2.delete employee
3.update employee
4.Get all employees
5.back
Select any one option (1-4)
Feel good to fill application
Select any one option to proceed
1.Admin
2.Employee
3.Customer
4.Exit
Select the option to perform operation you want
Hello Admin
Select the required choice
1.Login
2.Exit
Select the option in (1-2)
Enter Your username
Enter Your password
Login done
Select any one operation you want to access
1.Operate Hotels
2.Operate Rooms
3.Operate Employees
4.View List Of Hotels
5.Get All Rooms
6.View Patron List of Specific Hotel
7.View Booking On Specific Date
8.logout
Select any one option (1-8)
Room [hotelnumber=1, roomtype=Single sitter, hotelname=Hotel Catorist, hotellocation=pondicherry, price=10000.0]
Room [hotelnumber=1, roomtype=Double sitter, hotelname=Hotel Catorist, hotellocation=pondicherry, price=20000.0]
Room [hotelnumber=2, roomtype=Single sitter, hotelname=Black Mamba, hotellocation=pondicherry, price=10000.0]
Room [hotelnumber=2, roomtype=Double sitter, hotelname=Black Mamba, hotellocation=pondicherry, price=20000.0]
Room [hotelnumber=1, roomtype=Single sitter, hotelname=Grazial Hotel, hotellocation=chennai, price=10000.0]
Room [hotelnumber=1, roomtype=Double sitter, hotelname=Grazial Hotel, hotellocation=chennai, price=20000.0]
Room [hotelnumber=2, roomtype=Single sitter, hotelname=Pavitra Hotel, hotellocation=chennai, price=10000.0]
Room [hotelnumber=2, roomtype=Double sitter, hotelname=Pavitra Hotel, hotellocation=chennai, price=20000.0]
Select any one operation you want to access
1.Operate Hotels
2.Operate Rooms
3.Operate Employees
4.View List Of Hotels
5.Get All Rooms
6.View Patron List of Specific Hotel
7.View Booking On Specific Date
8.logout
Select any one option (1-8)
Select any one option to proceed
1.add employee
2.delete employee
3.update employee
4.Get all employees
5.back
Select any one option (1-4)
Enter details of customer
Enter  username [ can have letters, numbers,specialcharacters but length should be (3-14)])
Feel good to fill application
Select any one option to proceed
1.Admin
2.Employee
3.Customer
4.Exit
Select the option to perform operation you want
Hello Admin
Select the required choice
1.Login
2.Exit
Select the option in (1-2)
Select the choice (1-2)
Select the choice (1-2)
Enter Your username
Enter Your password
Login done
Select any one operation you want to access
1.Operate Hotels
2.Operate Rooms
3.Operate Employees
4.View List Of Hotels
5.Get All Rooms
6.View Patron List of Specific Hotel
7.View Booking On Specific Date
8.logout
Select any one option (1-8)
Select any one option to proceed
1.add employee
2.delete employee
3.update employee
4.Get all employees
5.back
Select any one option (1-4)
Enter details of employee
Enter  username [ can have letters, numbers,specialcharacters but length should be (3-14)])
Enter your name (like firstname and lastname and having only letters)
Enter your name (like firstname and lastname and having only letters)
Enter your name (like firstname and lastname and having only letters)
Feel good to fill application
Select any one option to proceed
1.Admin
2.Employee
3.Customer
4.Exit
Select the option to perform operation you want
Hello Admin
Select the required choice
1.Login
2.Exit
Select the option in (1-2)
Enter Your username
Enter Your password
Login done
Select any one operation you want to access
1.Operate Hotels
2.Operate Rooms
3.Operate Employees
4.View List Of Hotels
5.Get All Rooms
6.View Patron List of Specific Hotel
7.View Booking On Specific Date
8.logout
Select any one option (1-8)
Select any one option to proceed
1.add employee
2.delete employee
3.update employee
4.Get all employees
5.back
Select any one option (1-4)
Enter details of employee
Enter  username [ can have letters, numbers,specialcharacters but length should be (3-14)])
Enter your name (like firstname and lastname and having only letters)
Enter your valid name (like firstname and lastname and having only letters)
Enter mailid (eg: abc@abc.abc
Enter mailid (eg: abc@abc.abc)
Feel good to fill application
Select any one option to proceed
1.Admin
2.Employee
3.Customer
4.Exit
Select the option to perform operation you want
Hello Admin
Select the required choice
1.Login
2.Exit
Select the option in (1-2)
Enter Your username
Enter Your password
Login done
Select any one operation you want to access
1.Operate Hotels
2.Operate Rooms
3.Operate Employees
4.View List Of Hotels
5.Get All Rooms
6.View Patron List of Specific Hotel
7.View Booking On Specific Date
8.logout
Select any one option (1-8)
Select any one option to proceed
1.add employee
2.delete employee
3.update employee
4.Get all employees
5.back
Select any one option (1-4)
Enter details of employee
Enter  username [ can have letters, numbers,specialcharacters but length should be (3-14)])
Enter your name (like firstname and lastname and having only letters)
Enter mailid (eg: abc@abc.abc)
Enter valid mailid (eg: abc@abc.abc)
Enter your phone number(must have 10 digits and starting with 6 or 7 or 8 or 9)
Enter your valid phone number(must have 10 digits and starting with 6 or 7 or 8 or 9)
Enter password (It should contains atleast one  uppercase letter and lowercase letter, atleast one number,and specialcharacter(@)
Enter Employee salary(it should have 4-5 digits)
Enter valid Employee salary(it should have 4-5 digits)
Registration done
Select any one option to proceed
1.add employee
2.delete employee
3.update employee
4.Get all employees
5.back
Select any one option (1-4)
Enter user name
Employee deleted
Select any one option to proceed
1.add employee
2.delete employee
3.update employee
4.Get all employees
5.back
Select any one option (1-4)
Enter user name
username not found
Select any one option to proceed
1.add employee
2.delete employee
3.update employee
4.Get all employees
5.back
Select any one option (1-4)
Enter user name
Update employee
Enter your name (like firstname and lastname and having only letters)
Enter emailid (eg: abc@abc.abc
Enter your phone number(must have 10 digits and starting with 6 or 7 or 8 or 9)
Enter password (It should contains atleast one  uppercase letter and lowercase letter, atleast one number,and specialcharacter(@)
Enter valid password (It should contains atleast one  uppercase letter and lowercase letter, atleast one number,and specialcharacter(@)
Enter Employee salary(it should have 4-5 digits)
update sucessfull
Select any one option to proceed
1.add employee
2.delete employee
3.update employee
4.Get all employees
5.back
Select any one option (1-4)
Employee [username=amit, name=Amit Yadav, phonenumber=9039285096, mailid=Amit@gmail.com, password=Amit@567, salary=12345]
Select any one option to proceed
1.add employee
2.delete employee
3.update employee
4.Get all employees
5.back
Select any one option (1-4)
Select any one operation you want to access
1.Operate Hotels
2.Operate Rooms
3.Operate Employees
4.View List Of Hotels
5.Get All Rooms
6.View Patron List of Specific Hotel
7.View Booking On Specific Date
8.logout
Select any one option (1-8)
Enter the date requried in the given format(yyyy-mm-dd)
Booking not done 
Select any one operation you want to access
1.Operate Hotels
2.Operate Rooms
3.Operate Employees
4.View List Of Hotels
5.Get All Rooms
6.View Patron List of Specific Hotel
7.View Booking On Specific Date
8.logout
Select any one option (1-8)
Enter the date requried in the given format(yyyy-mm-dd)
Booking [bookedusername=ritwik, bookedname=ritwik r, bookednumber=9039285096, bookedhotel=Catorist, bookedroomtype=Single sitter, bookedprice=10000.0, bookeddate=2020-05-06, checkindate=2020-05-10, checkoutdate=2020-05-11, paymentmode=null]
Booking [bookedusername=yadav, bookedname=yadav y, bookednumber=9039285097, bookedhotel=Catorist, bookedroomtype=Double sitter, bookedprice=20000.0, bookeddate=2020-05-10, checkindate=2020-05-10, checkoutdate=2020-05-19, paymentmode=null]
Select any one operation you want to access
1.Operate Hotels
2.Operate Rooms
3.Operate Employees
4.View List Of Hotels
5.Get All Rooms
6.View Patron List of Specific Hotel
7.View Booking On Specific Date
8.logout
Select any one option (1-8)
Select the operation you want to perform
1.add hotel
2.delete hotel
3.update hotel
4.back
Select any one option (1-4)
Select location to add hotel
1.chennai
2.pondicherry
3.back
Select any one option (1-3)
Enter Hotel number,it can be single or double digit number(1-99)
Enter hotel name, must be character(eg: Hotel Catorist)
Enter hotel mail (eg: abc@abc.abc)
Enter valid hotel mail (eg: abc@abc.abc)
Enter hotel phone number[must have 10 digits and starting with 6 or 7 or 8 or 9]
Registration done
Select the operation you want to perform
1.add hotel
2.delete hotel
3.update hotel
4.back
Select any one option (1-4)
Select location to delete hotel you want
1.chennai
2.pondicherry
3.back
Select any one option (1-3)
1  Hotel Catorist 
2  Black Mamba
Enter hotel number
hotel deleted
Select the operation you want to perform
1.add hotel
2.delete hotel
3.update hotel
4.back
Select any one option (1-4)
Select location to update hotel you want
1.chennai
2.pondicherry
3.back
Select any one option (1-3)
1   Hotel Catorist 
Enter hotel number
Feel good to fill application
Select any one option to proceed
1.Admin
2.Employee
3.Customer
4.Exit
Select the option to perform operation you want
Hello Admin
Select the required choice
1.Login
2.Exit
Select the option in (1-2)
Enter Your username
Enter Your password
Login done
Select any one operation you want to access
1.Operate Hotels
2.Operate Rooms
3.Operate Employees
4.View List Of Hotels
5.Get All Rooms
6.View Patron List of Specific Hotel
7.View Booking On Specific Date
8.logout
Select any one option (1-8)
Select the operation you want to perform
1.add hotel
2.delete hotel
3.update hotel
4.back
Select any one option (1-4)
Select location to update hotel you want
1.chennai
2.pondicherry
3.back
Select any one option (1-3)
1   Grazial Hotel
2   Pavitra Hotel
Enter hotel number
hotel details matched
Enter hotel name, must have characters(eg: Catorist)
Enter hotel email (eg: abc@abc.abc)
Enter hotel phone number[must have 10 digits and starting with 6 or 7 or 8 or 9]
hotel update done
Select the operation you want to perform
1.add hotel
2.delete hotel
3.update hotel
4.back
Select any one option (1-4)
Select any one operation you want to access
1.Operate Hotels
2.Operate Rooms
3.Operate Employees
4.View List Of Hotels
5.Get All Rooms
6.View Patron List of Specific Hotel
7.View Booking On Specific Date
8.logout
Select any one option (1-8)
Hotel [hotelnumber=1, hotelname=Hotel Catorist , location=pondicherry, emailid=catorist@gmail.com, phonenumber=8989898989]
Hotel [hotelnumber=2, hotelname=Black Mamba, location=pondicherry, emailid=blackmamba@gmail.com, phonenumber=8989898990]
Hotel [hotelnumber=1, hotelname=Asde sak, location=chennai, emailid=asw@Qw2., phonenumber=9087653241]
Hotel [hotelnumber=2, hotelname=Pavitra Hotel, location=chennai, emailid=pavitra@gamil.com, phonenumber=8989898992]
Select any one operation you want to access
1.Operate Hotels
2.Operate Rooms
3.Operate Employees
4.View List Of Hotels
5.Get All Rooms
6.View Patron List of Specific Hotel
7.View Booking On Specific Date
8.logout
Select any one option (1-8)
Select operation you want to perform on rooms
1.addroom
2.delete room
3.update room
4.get all rooms
5.back
Select any one option (1-5)
Select location to update room
1.chennai
2.pondicherry
3.back
Select any one option (1-3)
1   Asde sak
2   Pavitra Hotel
Enter hotel number
Select room type to update
1.Single sitter
2.Double sitter
3.back
update done
Select operation you want to perform on rooms
1.addroom
2.delete room
3.update room
4.get all rooms
5.back
Select any one option (1-5)
Room [hotelnumber=1, roomtype=Single sitter, hotelname=Hotel Catorist, hotellocation=pondicherry, price=10000.0]
Room [hotelnumber=1, roomtype=Double sitter, hotelname=Hotel Catorist, hotellocation=pondicherry, price=20000.0]
Room [hotelnumber=2, roomtype=Single sitter, hotelname=Black Mamba, hotellocation=pondicherry, price=10000.0]
Room [hotelnumber=2, roomtype=Double sitter, hotelname=Black Mamba, hotellocation=pondicherry, price=20000.0]
Room [hotelnumber=1, roomtype=Single sitter, hotelname=Grazial Hotel, hotellocation=chennai, price=10000.0]
Room [hotelnumber=1, roomtype=Single sitter, hotelname=Grazial Hotel, hotellocation=chennai, price=10000.0]
Room [hotelnumber=2, roomtype=Single sitter, hotelname=Pavitra Hotel, hotellocation=chennai, price=10000.0]
Room [hotelnumber=2, roomtype=Double sitter, hotelname=Pavitra Hotel, hotellocation=chennai, price=20000.0]
Select operation you want to perform on rooms
1.addroom
2.delete room
3.update room
4.get all rooms
5.back
Select any one option (1-5)
Select any one operation you want to access
1.Operate Hotels
2.Operate Rooms
3.Operate Employees
4.View List Of Hotels
5.Get All Rooms
6.View Patron List of Specific Hotel
7.View Booking On Specific Date
8.logout
Select any one option (1-8)
Room [hotelnumber=1, roomtype=Single sitter, hotelname=Hotel Catorist, hotellocation=pondicherry, price=10000.0]
Room [hotelnumber=1, roomtype=Double sitter, hotelname=Hotel Catorist, hotellocation=pondicherry, price=20000.0]
Room [hotelnumber=2, roomtype=Single sitter, hotelname=Black Mamba, hotellocation=pondicherry, price=10000.0]
Room [hotelnumber=2, roomtype=Double sitter, hotelname=Black Mamba, hotellocation=pondicherry, price=20000.0]
Room [hotelnumber=1, roomtype=Single sitter, hotelname=Grazial Hotel, hotellocation=chennai, price=10000.0]
Room [hotelnumber=1, roomtype=Single sitter, hotelname=Grazial Hotel, hotellocation=chennai, price=10000.0]
Room [hotelnumber=2, roomtype=Single sitter, hotelname=Pavitra Hotel, hotellocation=chennai, price=10000.0]
Room [hotelnumber=2, roomtype=Double sitter, hotelname=Pavitra Hotel, hotellocation=chennai, price=20000.0]
Select any one operation you want to access
1.Operate Hotels
2.Operate Rooms
3.Operate Employees
4.View List Of Hotels
5.Get All Rooms
6.View Patron List of Specific Hotel
7.View Booking On Specific Date
8.logout
Select any one option (1-8)
Select any one option to proceed
1.add employee
2.delete employee
3.update employee
4.Get all employees
5.back
Select any one option (1-4)
Enter user name
Update employee
Enter your name (like firstname and lastname and having only letters)
Enter emailid (eg: abc@abc.abc
Enter your phone number(must have 10 digits and starting with 6 or 7 or 8 or 9)
Enter password (It should contains atleast one  uppercase letter and lowercase letter, atleast one number,and specialcharacter(@)
Enter Employee salary(it should have 4-5 digits)
update sucessfull
Select any one option to proceed
1.add employee
2.delete employee
3.update employee
4.Get all employees
5.back
Select any one option (1-4)
Employee [username=amit, name=aswed gytr, phonenumber=9087654321, mailid=asw@32.k, password=Awes@123, salary=45321]
Select any one option to proceed
1.add employee
2.delete employee
3.update employee
4.Get all employees
5.back
Select any one option (1-4)
Feel good to fill application
Select any one option to proceed
1.Admin
2.Employee
3.Customer
4.Exit
Select the option to perform operation you want
Welcome
Select any one option to proceed
1.Login
2.Exit to Home Page
Select any one option (1-2)
Enter Your username
Enter Your password
login done
Select any one option to proceed
1.BookHotel
2.CustomerDetail
3.Logout
Select any one option (1-3)
Feel good to fill application
Select any one option to proceed
1.Admin
2.Employee
3.Customer
4.Exit
Select the option to perform operation you want
Hello Admin
Select the required choice
1.Login
2.Exit
Select the option in (1-2)
Enter Your username
Enter Your password
Login done
Select any one operation you want to access
1.Operate Hotels
2.Operate Rooms
3.Operate Employees
4.View List Of Hotels
5.Get All Rooms
6.View Patron List of Specific Hotel
7.View Booking On Specific Date
8.logout
Select any one option (1-8)
No line found
1.Admin
2.Employee
3.Customer
4.Exit
Select the option to perform operation you want
Feel good to fill application
Select any one option to proceed
1.Admin
2.Employee
3.Customer
4.Exit
Select the option to perform operation you want
Hello Admin
Select the required choice
1.Login
2.Exit
Select the option in (1-2)
Enter Your username
Enter Your password
Login done
Select any one operation you want to access
1.Operate Hotels
2.Operate Rooms
3.Operate Employees
4.View List Of Hotels
5.Get All Rooms
6.View Patron List of Specific Hotel
7.View Booking On Specific Date
8.logout
Select any one option (1-8)
Room [hotelnumber=1, roomtype=Single sitter, hotelname=Hotel Catorist, hotellocation=pondicherry, price=10000.0]
Room [hotelnumber=1, roomtype=Double sitter, hotelname=Hotel Catorist, hotellocation=pondicherry, price=20000.0]
Room [hotelnumber=2, roomtype=Single sitter, hotelname=Black Mamba, hotellocation=pondicherry, price=10000.0]
Room [hotelnumber=2, roomtype=Double sitter, hotelname=Black Mamba, hotellocation=pondicherry, price=20000.0]
Room [hotelnumber=1, roomtype=Single sitter, hotelname=Grazial Hotel, hotellocation=chennai, price=10000.0]
Room [hotelnumber=1, roomtype=Double sitter, hotelname=Grazial Hotel, hotellocation=chennai, price=20000.0]
Room [hotelnumber=2, roomtype=Single sitter, hotelname=Pavitra Hotel, hotellocation=chennai, price=10000.0]
Room [hotelnumber=2, roomtype=Double sitter, hotelname=Pavitra Hotel, hotellocation=chennai, price=20000.0]
Select any one operation you want to access
1.Operate Hotels
2.Operate Rooms
3.Operate Employees
4.View List Of Hotels
5.Get All Rooms
6.View Patron List of Specific Hotel
7.View Booking On Specific Date
8.logout
Select any one option (1-8)
Select any one option (1-8)
1.Login
2.Exit
Select the option in (1-2)
1.Admin
2.Employee
3.Customer
4.Exit
Select the option to perform operation you want
Thank You
Feel good to fill application
Select any one option to proceed
1.Admin
2.Employee
3.Customer
4.Exit
Select the option to perform operation you want
Enter valid chioce (1-4)
Enter valid chioce (1-4)
Hello Admin
Select the required choice
1.Login
2.Exit
Select the option in (1-2)
Enter Your username
Enter Your password
Login failed, try again
1.Login
2.Exit
Select the option in (1-2)
Enter Your username
Enter Your password
Login done
Select any one operation you want to access
1.Operate Hotels
2.Operate Rooms
3.Operate Employees
4.View List Of Hotels
5.Get All Rooms
6.View Patron List of Specific Hotel
7.View Booking On Specific Date
8.logout
Select any one option (1-8)
Room [hotelnumber=1, roomtype=Single sitter, hotelname=Hotel Catorist, hotellocation=pondicherry, price=10000.0]
Room [hotelnumber=1, roomtype=Double sitter, hotelname=Hotel Catorist, hotellocation=pondicherry, price=20000.0]
Room [hotelnumber=2, roomtype=Single sitter, hotelname=Black Mamba, hotellocation=pondicherry, price=10000.0]
Room [hotelnumber=2, roomtype=Double sitter, hotelname=Black Mamba, hotellocation=pondicherry, price=20000.0]
Room [hotelnumber=1, roomtype=Single sitter, hotelname=Grazial Hotel, hotellocation=chennai, price=10000.0]
Room [hotelnumber=1, roomtype=Double sitter, hotelname=Grazial Hotel, hotellocation=chennai, price=20000.0]
Room [hotelnumber=2, roomtype=Single sitter, hotelname=Pavitra Hotel, hotellocation=chennai, price=10000.0]
Room [hotelnumber=2, roomtype=Double sitter, hotelname=Pavitra Hotel, hotellocation=chennai, price=20000.0]
Select any one operation you want to access
1.Operate Hotels
2.Operate Rooms
3.Operate Employees
4.View List Of Hotels
5.Get All Rooms
6.View Patron List of Specific Hotel
7.View Booking On Specific Date
8.logout
Select any one option (1-8)
1.Login
2.Exit
Select the option in (1-2)
1.Admin
2.Employee
3.Customer
4.Exit
Select the option to perform operation you want
Feel good to fill application
Select any one option to proceed
1.Admin
2.Employee
3.Customer
4.Exit
Select the option to perform operation you want
Thank You
Feel good to fill application
Select any one option to proceed
1.Admin
2.Employee
3.Customer
4.Exit
Select the option to perform operation you want
Hello Admin
Select the required choice
1.Login
2.Exit
Select the option in (1-2)
Enter Your username
Enter Your password
Login done
Select any one operation you want to access
1.Operate Hotels
2.Operate Rooms
3.Operate Employees
4.View List Of Hotels
5.Get All Rooms
6.View Patron List of Specific Hotel
7.View Booking On Specific Date
8.logout
Select any one option (1-8)
1.Login
2.Exit
Select the option in (1-2)
1.Admin
2.Employee
3.Customer
4.Exit
Select the option to perform operation you want
Welcome
Select any one option to proceed
1.Login
2.Exit to Home Page
Select any one option (1-2)
Enter Your username
Enter Your password
login done
Select any one option to proceed
1.BookHotel
2.CustomerDetail
3.Logout
Select any one option (1-3)
 Name=Ritwik Yadav
 PhoneNumber=8109332048
 MailId=ritwik@gmail.com

Select any one option to proceed
1.BookHotel
2.CustomerDetail
3.Logout
Select any one option (1-3)
Feel good to fill application
Select any one option to proceed
1.Admin
2.Employee
3.Customer
4.Exit
Select the option to perform operation you want
Welcome
Select any one option to proceed
1.Login
2.Register
3.Forgot password
4.Exit
Enter your choice (1-4)
Enter Your username
Enter Your password
Invalid login detail
1.Login
2.Register
3.Forgot password
4.Exit
Enter your choice (1-4)
Feel good to fill application
Select any one option to proceed
1.Admin
2.Employee
3.Customer
4.Exit
Select the option to perform operation you want
Welcome
Select any one option to proceed
1.Login
2.Register
3.Forgot password
4.Exit
Enter your choice (1-4)
Enter Your username
Enter Your password
Invalid login detail
1.Login
2.Register
3.Forgot password
4.Exit
Enter your choice (1-4)
Enter Your username
Enter Your password
login done
Select any one option you want to perform
1.Booking Hotel
2.Booking Status
3.logout
Enter your choice (1-3)
Feel good to fill application
Select any one option to proceed
1.Admin
2.Employee
3.Customer
4.Exit
Select the option to perform operation you want
Welcome
Select any one option to proceed
1.Login
2.Register
3.Forgot password
4.Exit
Enter your choice (1-4)
Enter valid choice (1-4)
Enter Your username
Enter Your password
login done
Select any one option you want to perform
1.Booking Hotel
2.Booking Status
3.logout
Enter your choice (1-3)
1.Login
2.Register
3.Forgot password
4.Exit
Enter your choice (1-4)
Enter Your username
Enter Your password
Invalid login detail
1.Login
2.Register
3.Forgot password
4.Exit
Enter your choice (1-4)
Feel good to fill application
Select any one option to proceed
1.Admin
2.Employee
3.Customer
4.Exit
Select the option to perform operation you want
Welcome
Select any one option to proceed
1.Login
2.Register
3.Forgot password
4.Exit
Enter your choice (1-4)
Enter Your username
Enter Your password
Invalid login detail
1.Login
2.Register
3.Forgot password
4.Exit
Enter your choice (1-4)
Enter Your username
Enter Your password
login done
Select any one option you want to perform
1.Booking Hotel
2.Booking Status
3.logout
Enter your choice (1-3)
1.Login
2.Register
3.Forgot password
4.Exit
Enter your choice (1-4)
1.Admin
2.Employee
3.Customer
4.Exit
Select the option to perform operation you want
Thank You
Feel good to fill application
Select any one option to proceed
1.Admin
2.Employee
3.Customer
4.Exit
Select the option to perform operation you want
Hello Admin
Select the required choice
1.Login
2.Exit
Select the option in (1-2)
Enter Your username
Enter Your password
Login done
Select any one operation you want to access
1.Operate Hotels
2.Operate Rooms
3.Operate Employees
4.View List Of Hotels
5.Get All Rooms
6.View Patron List of Specific Hotel
7.View Booking On Specific Date
8.logout
Select any one option (1-8)
Room [hotelnumber=1, roomtype=Single sitter, hotelname=Hotel Catorist, hotellocation=pondicherry, price=10000.0]
Room [hotelnumber=1, roomtype=Double sitter, hotelname=Hotel Catorist, hotellocation=pondicherry, price=20000.0]
Room [hotelnumber=2, roomtype=Single sitter, hotelname=Black Mamba, hotellocation=pondicherry, price=10000.0]
Room [hotelnumber=2, roomtype=Double sitter, hotelname=Black Mamba, hotellocation=pondicherry, price=20000.0]
Room [hotelnumber=1, roomtype=Single sitter, hotelname=Grazial Hotel, hotellocation=chennai, price=10000.0]
Room [hotelnumber=1, roomtype=Double sitter, hotelname=Grazial Hotel, hotellocation=chennai, price=20000.0]
Room [hotelnumber=2, roomtype=Single sitter, hotelname=Pavitra Hotel, hotellocation=chennai, price=10000.0]
Room [hotelnumber=2, roomtype=Double sitter, hotelname=Pavitra Hotel, hotellocation=chennai, price=20000.0]
Select any one operation you want to access
1.Operate Hotels
2.Operate Rooms
3.Operate Employees
4.View List Of Hotels
5.Get All Rooms
6.View Patron List of Specific Hotel
7.View Booking On Specific Date
8.logout
Select any one option (1-8)
Feel good to fill application
Select any one option to proceed
1.Admin
2.Employee
3.Customer
4.Exit
Select the option to perform operation you want
Hello Admin
Select the required choice
1.Login
2.Exit
Select the option in (1-2)
1.Admin
2.Employee
3.Customer
4.Exit
Select the option to perform operation you want
Hello Admin
Select the required choice
1.Login
2.Exit
Select the option in (1-2)
Enter Your username
Enter Your password
Login done
Select any one operation you want to access
1.Operate Hotels
2.Operate Rooms
3.Operate Employees
4.View List Of Hotels
5.Get All Rooms
6.View Patron List of Specific Hotel
7.View Booking On Specific Date
8.logout
Select any one option (1-8)
Room [hotelnumber=1, roomtype=Single sitter, hotelname=Hotel Catorist, hotellocation=pondicherry, price=10000.0]
Room [hotelnumber=1, roomtype=Double sitter, hotelname=Hotel Catorist, hotellocation=pondicherry, price=20000.0]
Room [hotelnumber=2, roomtype=Single sitter, hotelname=Black Mamba, hotellocation=pondicherry, price=10000.0]
Room [hotelnumber=2, roomtype=Double sitter, hotelname=Black Mamba, hotellocation=pondicherry, price=20000.0]
Room [hotelnumber=1, roomtype=Single sitter, hotelname=Grazial Hotel, hotellocation=chennai, price=10000.0]
Room [hotelnumber=1, roomtype=Double sitter, hotelname=Grazial Hotel, hotellocation=chennai, price=20000.0]
Room [hotelnumber=2, roomtype=Single sitter, hotelname=Pavitra Hotel, hotellocation=chennai, price=10000.0]
Room [hotelnumber=2, roomtype=Double sitter, hotelname=Pavitra Hotel, hotellocation=chennai, price=20000.0]
Select any one operation you want to access
1.Operate Hotels
2.Operate Rooms
3.Operate Employees
4.View List Of Hotels
5.Get All Rooms
6.View Patron List of Specific Hotel
7.View Booking On Specific Date
8.logout
Select any one option (1-8)
Feel good to fill application
Select any one option to proceed
1.Admin
2.Employee
3.Customer
4.Exit
Select the option to perform operation you want
Hello Admin
Select the required choice
1.Login
2.Exit
Select the option in (1-2)
Enter Your username
Enter Your password
Login done
Select any one operation you want to access
1.Operate Hotels
2.Operate Rooms
3.Operate Employees
4.View List Of Hotels
5.Get All Rooms
6.View Patron List of Specific Hotel
7.View Booking On Specific Date
8.logout
Select any one option (1-8)
hotelnumber=1
 roomtype=Single sitter
 hotelname=Hotel Catorist
 hotellocation=pondicherry
 price=10000.0

hotelnumber=1
 roomtype=Double sitter
 hotelname=Hotel Catorist
 hotellocation=pondicherry
 price=20000.0

hotelnumber=2
 roomtype=Single sitter
 hotelname=Black Mamba
 hotellocation=pondicherry
 price=10000.0

hotelnumber=2
 roomtype=Double sitter
 hotelname=Black Mamba
 hotellocation=pondicherry
 price=20000.0

hotelnumber=1
 roomtype=Single sitter
 hotelname=Grazial Hotel
 hotellocation=chennai
 price=10000.0

hotelnumber=1
 roomtype=Double sitter
 hotelname=Grazial Hotel
 hotellocation=chennai
 price=20000.0

hotelnumber=2
 roomtype=Single sitter
 hotelname=Pavitra Hotel
 hotellocation=chennai
 price=10000.0

hotelnumber=2
 roomtype=Double sitter
 hotelname=Pavitra Hotel
 hotellocation=chennai
 price=20000.0

Select any one operation you want to access
1.Operate Hotels
2.Operate Rooms
3.Operate Employees
4.View List Of Hotels
5.Get All Rooms
6.View Patron List of Specific Hotel
7.View Booking On Specific Date
8.logout
Select any one option (1-8)
Feel good to fill application
Select any one option to proceed
1.Admin
2.Employee
3.Customer
4.Exit
Select the option to perform operation you want
Hello Admin
Select the required choice
1.Login
2.Exit
Select the option in (1-2)
Enter Your username
Enter Your password
Login done
Select any one operation you want to access
1.Operate Hotels
2.Operate Rooms
3.Operate Employees
4.View List Of Hotels
5.Get All Rooms
6.View Patron List of Specific Hotel
7.View Booking On Specific Date
8.logout
Select any one option (1-8)
Select the operation you want to perform
1.add hotel
2.delete hotel
3.update hotel
4.back
Select any one option (1-4)
Select location to delete hotel you want
1.chennai
2.pondicherry
3.back
Select any one option (1-3)
Select the operation you want to perform
1.add hotel
2.delete hotel
3.update hotel
4.back
Select any one option (1-4)
Select location to update hotel you want
1.chennai
2.pondicherry
3.back
Select any one option (1-3)
Select the operation you want to perform
1.add hotel
2.delete hotel
3.update hotel
4.back
Select any one option (1-4)
Select location to delete hotel you want
1.chennai
2.pondicherry
3.back
Select any one option (1-3)
Select the operation you want to perform
1.add hotel
2.delete hotel
3.update hotel
4.back
Select any one option (1-4)
Select location to delete hotel you want
1.chennai
2.pondicherry
3.back
Select any one option (1-3)
1  Grazial Hotel
2  Pavitra Hotel
Enter hotel number
hotel deleted
Select the operation you want to perform
1.add hotel
2.delete hotel
3.update hotel
4.back
Select any one option (1-4)
Select location to update hotel you want
1.chennai
2.pondicherry
3.back
Select any one option (1-3)
2   Pavitra Hotel
Enter hotel number
Feel good to fill application
Select any one option to proceed
1.Admin
2.Employee
3.Customer
4.Exit
Select the option to perform operation you want
Hello Admin
Select the required choice
1.Login
2.Exit
Select the option in (1-2)
Enter Your username
Enter Your password
Login done
Select any one operation you want to access
1.Operate Hotels
2.Operate Rooms
3.Operate Employees
4.View List Of Hotels
5.Get All Rooms
6.View Patron List of Specific Hotel
7.View Booking On Specific Date
8.logout
Select any one option (1-8)
Select operation you want to perform on rooms
1.addroom
2.delete room
3.update room
4.get all rooms
5.back
Select any one option (1-5)
Select location to update room
1.chennai
2.pondicherry
3.back
Select any one option (1-3)
1   Grazial Hotel
2   Pavitra Hotel
Enter hotel number
Select room type to update
1.Single sitter
2.Double sitter
3.back
update done
Select operation you want to perform on rooms
1.addroom
2.delete room
3.update room
4.get all rooms
5.back
Select any one option (1-5)
Select location to update room
1.chennai
2.pondicherry
3.back
Select any one option (1-3)
1   Hotel Catorist 
2   Black Mamba
Enter hotel number
Select room type to update
1.Single sitter
2.Double sitter
3.back
update done
Select operation you want to perform on rooms
1.addroom
2.delete room
3.update room
4.get all rooms
5.back
Select any one option (1-5)
Select location to update room
1.chennai
2.pondicherry
3.back
Select any one option (1-3)
1   Grazial Hotel
2   Pavitra Hotel
Enter hotel number
Select room type to update
1.Single sitter
2.Double sitter
3.back
Select any one option (1-3)
Select operation you want to perform on rooms
1.addroom
2.delete room
3.update room
4.get all rooms
5.back
Select any one option (1-5)
Feel good to fill application
Select any one option to proceed
1.Admin
2.Employee
3.Customer
4.Exit
Select the option to perform operation you want
Hello Admin
Select the required choice
1.Login
2.Exit
Select the option in (1-2)
Enter Your username
Enter Your password
Login done
Select any one operation you want to access
1.Operate Hotels
2.Operate Rooms
3.Operate Employees
4.View List Of Hotels
5.Get All Rooms
6.View Patron List of Specific Hotel
7.View Booking On Specific Date
8.logout
Select any one option (1-8)
Select the operation you want to perform
1.add hotel
2.delete hotel
3.update hotel
4.back
Select any one option (1-4)
Select location to update hotel you want
1.chennai
2.pondicherry
3.back
Select any one option (1-3)
1   Hotel Catorist 
2   Black Mamba
Enter hotel number
hotel details matched
Enter hotel name, must have characters(eg: Catorist)
Enter hotel email (eg: abc@abc.abc)
Enter hotel phone number[must have 10 digits and starting with 6 or 7 or 8 or 9]
hotel update done
Select the operation you want to perform
1.add hotel
2.delete hotel
3.update hotel
4.back
Select any one option (1-4)
Select location to update hotel you want
1.chennai
2.pondicherry
3.back
Select any one option (1-3)
1   Grazial Hotel
2   Pavitra Hotel
Enter hotel number
hotel not matched, give correct hotelnumber
Select the operation you want to perform
1.add hotel
2.delete hotel
3.update hotel
4.back
Select any one option (1-4)
Feel good to fill application
Select any one option to proceed
1.Admin
2.Employee
3.Customer
4.Exit
Select the option to perform operation you want
Thank You
Feel good to fill application
Select any one option to proceed
1.Admin
2.Employee
3.Customer
4.Exit
Select the option to perform operation you want
